Using device: cuda
Path to dataset files: /home/airhust/.cache/kagglehub/datasets/sumanthvrao/daily-climate-time-series-data/versions/3
Train samples: 1448, Test samples: 100
Epoch 001 | train MSE 0.9684 | test MSE 0.7905
Epoch 002 | train MSE 0.9329 | test MSE 0.7684
Epoch 003 | train MSE 0.8754 | test MSE 0.6883
Epoch 004 | train MSE 0.7551 | test MSE 0.5551
Epoch 005 | train MSE 0.5979 | test MSE 0.8310
Epoch 006 | train MSE 0.6112 | test MSE 0.7399
Epoch 007 | train MSE 0.5453 | test MSE 0.6647
Epoch 008 | train MSE 0.5174 | test MSE 0.6997
Epoch 009 | train MSE 0.5183 | test MSE 0.6978
Epoch 010 | train MSE 0.5044 | test MSE 0.7662
Epoch 011 | train MSE 0.4951 | test MSE 1.0490
Epoch 012 | train MSE 0.4921 | test MSE 0.9991
Epoch 013 | train MSE 0.4818 | test MSE 0.7921
Epoch 014 | train MSE 0.4733 | test MSE 0.7440
Epoch 015 | train MSE 0.4683 | test MSE 0.7874
Epoch 016 | train MSE 0.4610 | test MSE 0.8242
Epoch 017 | train MSE 0.4539 | test MSE 0.8208
Epoch 018 | train MSE 0.4432 | test MSE 0.8239
Epoch 019 | train MSE 0.4342 | test MSE 0.7750
Epoch 020 | train MSE 0.4219 | test MSE 0.6861
Epoch 021 | train MSE 0.4072 | test MSE 0.7811
Epoch 022 | train MSE 0.3881 | test MSE 0.6063
Epoch 023 | train MSE 0.3607 | test MSE 0.5585
Epoch 024 | train MSE 0.3151 | test MSE 0.5114
Epoch 025 | train MSE 0.2750 | test MSE 0.4107
Epoch 026 | train MSE 0.2805 | test MSE 0.4547
Epoch 027 | train MSE 0.2995 | test MSE 0.5720
Epoch 028 | train MSE 0.3337 | test MSE 0.5217
Epoch 029 | train MSE 0.2822 | test MSE 0.4265
Epoch 030 | train MSE 0.2338 | test MSE 0.3984
Epoch 031 | train MSE 0.2184 | test MSE 0.3690
Epoch 032 | train MSE 0.2200 | test MSE 0.3637
Epoch 033 | train MSE 0.2098 | test MSE 0.3613
Epoch 034 | train MSE 0.2069 | test MSE 0.3985
Epoch 035 | train MSE 0.2050 | test MSE 0.3753
Epoch 036 | train MSE 0.1958 | test MSE 0.3718
Epoch 037 | train MSE 0.2018 | test MSE 0.3704
Epoch 038 | train MSE 0.2028 | test MSE 0.2932
Epoch 039 | train MSE 0.1977 | test MSE 0.4184
Epoch 040 | train MSE 0.2268 | test MSE 0.3993
Epoch 041 | train MSE 0.1864 | test MSE 0.3289
Epoch 042 | train MSE 0.1822 | test MSE 0.3461
Epoch 043 | train MSE 0.1739 | test MSE 0.3395
Epoch 044 | train MSE 0.1662 | test MSE 0.2929
Epoch 045 | train MSE 0.1603 | test MSE 0.3316
Epoch 046 | train MSE 0.1566 | test MSE 0.2607
Epoch 047 | train MSE 0.1515 | test MSE 0.2848
Epoch 048 | train MSE 0.1506 | test MSE 0.2830
Epoch 049 | train MSE 0.1520 | test MSE 0.2163
Epoch 050 | train MSE 0.1489 | test MSE 0.2930
Epoch 051 | train MSE 0.1639 | test MSE 0.2260
Epoch 052 | train MSE 0.1499 | test MSE 0.2611
Epoch 053 | train MSE 0.1517 | test MSE 0.1979
Epoch 054 | train MSE 0.1494 | test MSE 0.3126
Epoch 055 | train MSE 0.1514 | test MSE 0.2923
Epoch 056 | train MSE 0.1474 | test MSE 0.2051
Epoch 057 | train MSE 0.1429 | test MSE 0.3114
Epoch 058 | train MSE 0.1450 | test MSE 0.2116
Epoch 059 | train MSE 0.1434 | test MSE 0.2432
Epoch 060 | train MSE 0.1411 | test MSE 0.2649
Epoch 061 | train MSE 0.1407 | test MSE 0.2286
Epoch 062 | train MSE 0.1387 | test MSE 0.2277
Epoch 063 | train MSE 0.1373 | test MSE 0.2369
Epoch 064 | train MSE 0.1402 | test MSE 0.2009
Epoch 065 | train MSE 0.1391 | test MSE 0.2233
Epoch 066 | train MSE 0.1354 | test MSE 0.2258
Epoch 067 | train MSE 0.1348 | test MSE 0.2145
Epoch 068 | train MSE 0.1346 | test MSE 0.2033
Epoch 069 | train MSE 0.1329 | test MSE 0.2149
Epoch 070 | train MSE 0.1335 | test MSE 0.2149
Epoch 071 | train MSE 0.1316 | test MSE 0.2336
Epoch 072 | train MSE 0.1316 | test MSE 0.1927
Epoch 073 | train MSE 0.1323 | test MSE 0.1915
Epoch 074 | train MSE 0.1296 | test MSE 0.2162
Epoch 075 | train MSE 0.1278 | test MSE 0.2023
Epoch 076 | train MSE 0.1263 | test MSE 0.2017
Epoch 077 | train MSE 0.1256 | test MSE 0.2079
Epoch 078 | train MSE 0.1241 | test MSE 0.2205
Epoch 079 | train MSE 0.1264 | test MSE 0.2012
Epoch 080 | train MSE 0.1229 | test MSE 0.2072
Epoch 081 | train MSE 0.1252 | test MSE 0.2514
Epoch 082 | train MSE 0.1268 | test MSE 0.2465
Epoch 083 | train MSE 0.1214 | test MSE 0.1948
Epoch 084 | train MSE 0.1188 | test MSE 0.2188
Epoch 085 | train MSE 0.1192 | test MSE 0.2256
Epoch 086 | train MSE 0.1165 | test MSE 0.1941
Epoch 087 | train MSE 0.1163 | test MSE 0.2794
Epoch 088 | train MSE 0.1166 | test MSE 0.1983
Epoch 089 | train MSE 0.1154 | test MSE 0.2189
Epoch 090 | train MSE 0.1203 | test MSE 0.1938
Epoch 091 | train MSE 0.1208 | test MSE 0.2932
Epoch 092 | train MSE 0.1190 | test MSE 0.2041
Epoch 093 | train MSE 0.1185 | test MSE 0.2608
Epoch 094 | train MSE 0.1156 | test MSE 0.2028
Epoch 095 | train MSE 0.1160 | test MSE 0.2197
Epoch 096 | train MSE 0.1147 | test MSE 0.2146
Epoch 097 | train MSE 0.1145 | test MSE 0.2271
Epoch 098 | train MSE 0.1124 | test MSE 0.2062
Epoch 099 | train MSE 0.1118 | test MSE 0.2285
Epoch 100 | train MSE 0.1143 | test MSE 0.2003
Epoch 101 | train MSE 0.1094 | test MSE 0.2105
Epoch 102 | train MSE 0.1122 | test MSE 0.2011
Epoch 103 | train MSE 0.1107 | test MSE 0.2014
Epoch 104 | train MSE 0.1096 | test MSE 0.2348
Epoch 105 | train MSE 0.1112 | test MSE 0.2123
Epoch 106 | train MSE 0.1122 | test MSE 0.2197
Epoch 107 | train MSE 0.1042 | test MSE 0.1867
Epoch 108 | train MSE 0.1126 | test MSE 0.2764
Epoch 109 | train MSE 0.1082 | test MSE 0.1985
Epoch 110 | train MSE 0.1099 | test MSE 0.2267
Epoch 111 | train MSE 0.1043 | test MSE 0.2039
Epoch 112 | train MSE 0.1020 | test MSE 0.2173
Epoch 113 | train MSE 0.1018 | test MSE 0.2038
Epoch 114 | train MSE 0.1009 | test MSE 0.2057
Epoch 115 | train MSE 0.1003 | test MSE 0.2210
Epoch 116 | train MSE 0.1012 | test MSE 0.1830
Epoch 117 | train MSE 0.1036 | test MSE 0.2518
Epoch 118 | train MSE 0.1040 | test MSE 0.2040
Epoch 119 | train MSE 0.1114 | test MSE 0.2489
Epoch 120 | train MSE 0.1132 | test MSE 0.2039
Epoch 121 | train MSE 0.1086 | test MSE 0.2913
Epoch 122 | train MSE 0.1053 | test MSE 0.2012
Epoch 123 | train MSE 0.1056 | test MSE 0.2246
Epoch 124 | train MSE 0.0978 | test MSE 0.2520
Epoch 125 | train MSE 0.0969 | test MSE 0.1961
Epoch 126 | train MSE 0.0984 | test MSE 0.2391
Epoch 127 | train MSE 0.0983 | test MSE 0.2367
Epoch 128 | train MSE 0.0982 | test MSE 0.2187
Epoch 129 | train MSE 0.0974 | test MSE 0.2350
Epoch 130 | train MSE 0.0958 | test MSE 0.2209
Epoch 131 | train MSE 0.0960 | test MSE 0.2539
Epoch 132 | train MSE 0.0970 | test MSE 0.2246
Epoch 133 | train MSE 0.0947 | test MSE 0.2400
Epoch 134 | train MSE 0.0966 | test MSE 0.2189
Epoch 135 | train MSE 0.0929 | test MSE 0.2117
Epoch 136 | train MSE 0.0926 | test MSE 0.2138
Epoch 137 | train MSE 0.0931 | test MSE 0.2295
Epoch 138 | train MSE 0.0926 | test MSE 0.2153
Epoch 139 | train MSE 0.0930 | test MSE 0.2188
Epoch 140 | train MSE 0.0886 | test MSE 0.2278
Epoch 141 | train MSE 0.0886 | test MSE 0.2034
Epoch 142 | train MSE 0.0893 | test MSE 0.2563
Epoch 143 | train MSE 0.0879 | test MSE 0.2134
Epoch 144 | train MSE 0.0922 | test MSE 0.2449
Epoch 145 | train MSE 0.0883 | test MSE 0.2351
Epoch 146 | train MSE 0.0879 | test MSE 0.2177
Epoch 147 | train MSE 0.0875 | test MSE 0.2578
Epoch 148 | train MSE 0.0886 | test MSE 0.2111
Epoch 149 | train MSE 0.0870 | test MSE 0.2739
Epoch 150 | train MSE 0.0867 | test MSE 0.2101
Epoch 151 | train MSE 0.0873 | test MSE 0.2526
Epoch 152 | train MSE 0.0872 | test MSE 0.2316
Epoch 153 | train MSE 0.0833 | test MSE 0.2277
Epoch 154 | train MSE 0.0834 | test MSE 0.2475
Epoch 155 | train MSE 0.0844 | test MSE 0.2086
Epoch 156 | train MSE 0.0892 | test MSE 0.2456
Epoch 157 | train MSE 0.0942 | test MSE 0.2064
Epoch 158 | train MSE 0.0882 | test MSE 0.2628
Epoch 159 | train MSE 0.0879 | test MSE 0.2284
Epoch 160 | train MSE 0.0838 | test MSE 0.2242
Epoch 161 | train MSE 0.0885 | test MSE 0.2170
Epoch 162 | train MSE 0.0878 | test MSE 0.2621
Epoch 163 | train MSE 0.0866 | test MSE 0.2077
Epoch 164 | train MSE 0.0869 | test MSE 0.2781
Epoch 165 | train MSE 0.0852 | test MSE 0.2161
Epoch 166 | train MSE 0.0832 | test MSE 0.2307
Epoch 167 | train MSE 0.0812 | test MSE 0.2303
Epoch 168 | train MSE 0.0836 | test MSE 0.2270
Epoch 169 | train MSE 0.0789 | test MSE 0.2277
Epoch 170 | train MSE 0.0796 | test MSE 0.2393
Epoch 171 | train MSE 0.0801 | test MSE 0.2212
Epoch 172 | train MSE 0.0773 | test MSE 0.2315
Epoch 173 | train MSE 0.0783 | test MSE 0.2540
Epoch 174 | train MSE 0.0793 | test MSE 0.2089
Epoch 175 | train MSE 0.0772 | test MSE 0.2249
Epoch 176 | train MSE 0.0764 | test MSE 0.2242
Epoch 177 | train MSE 0.0755 | test MSE 0.2375
Epoch 178 | train MSE 0.0758 | test MSE 0.2309
Epoch 179 | train MSE 0.0748 | test MSE 0.2467
Epoch 180 | train MSE 0.0749 | test MSE 0.2516
Epoch 181 | train MSE 0.0757 | test MSE 0.2225
Epoch 182 | train MSE 0.0748 | test MSE 0.2605
Epoch 183 | train MSE 0.0731 | test MSE 0.2152
Epoch 184 | train MSE 0.0762 | test MSE 0.2461
Epoch 185 | train MSE 0.0795 | test MSE 0.2148
Epoch 186 | train MSE 0.0752 | test MSE 0.2518
Epoch 187 | train MSE 0.0746 | test MSE 0.2428
Epoch 188 | train MSE 0.0732 | test MSE 0.2409
Epoch 189 | train MSE 0.0750 | test MSE 0.2302
Epoch 190 | train MSE 0.0701 | test MSE 0.2559
Epoch 191 | train MSE 0.0721 | test MSE 0.2354
Epoch 192 | train MSE 0.0696 | test MSE 0.2385
Epoch 193 | train MSE 0.0686 | test MSE 0.2895
Epoch 194 | train MSE 0.0690 | test MSE 0.2228
Epoch 195 | train MSE 0.0696 | test MSE 0.2877
Epoch 196 | train MSE 0.0695 | test MSE 0.2393
Epoch 197 | train MSE 0.0676 | test MSE 0.2443
Epoch 198 | train MSE 0.0683 | test MSE 0.2658
Epoch 199 | train MSE 0.0674 | test MSE 0.2413
Epoch 200 | train MSE 0.0676 | test MSE 0.2566
Epoch 201 | train MSE 0.0678 | test MSE 0.2703
Epoch 202 | train MSE 0.0665 | test MSE 0.2323
Epoch 203 | train MSE 0.0673 | test MSE 0.2748
Epoch 204 | train MSE 0.0639 | test MSE 0.2500
Epoch 205 | train MSE 0.0676 | test MSE 0.2365
Epoch 206 | train MSE 0.0653 | test MSE 0.2896
Epoch 207 | train MSE 0.0649 | test MSE 0.2285
Epoch 208 | train MSE 0.0638 | test MSE 0.2768
Epoch 209 | train MSE 0.0624 | test MSE 0.2449
Epoch 210 | train MSE 0.0672 | test MSE 0.2728
Epoch 211 | train MSE 0.0653 | test MSE 0.2433
Epoch 212 | train MSE 0.0664 | test MSE 0.2899
Epoch 213 | train MSE 0.0708 | test MSE 0.2360
Epoch 214 | train MSE 0.0695 | test MSE 0.3000
Epoch 215 | train MSE 0.0658 | test MSE 0.2379
Epoch 216 | train MSE 0.0640 | test MSE 0.2914
Epoch 217 | train MSE 0.0634 | test MSE 0.2324
Epoch 218 | train MSE 0.0636 | test MSE 0.2872
Epoch 219 | train MSE 0.0620 | test MSE 0.2415
Epoch 220 | train MSE 0.0610 | test MSE 0.2392
Epoch 221 | train MSE 0.0592 | test MSE 0.2463
Epoch 222 | train MSE 0.0583 | test MSE 0.2665
Epoch 223 | train MSE 0.0591 | test MSE 0.2388
Epoch 224 | train MSE 0.0588 | test MSE 0.2663
Epoch 225 | train MSE 0.0592 | test MSE 0.2512
Epoch 226 | train MSE 0.0563 | test MSE 0.2581
Epoch 227 | train MSE 0.0560 | test MSE 0.2338
Epoch 228 | train MSE 0.0566 | test MSE 0.2612
Epoch 229 | train MSE 0.0590 | test MSE 0.2389
Epoch 230 | train MSE 0.0564 | test MSE 0.2663
Epoch 231 | train MSE 0.0559 | test MSE 0.2619
Epoch 232 | train MSE 0.0575 | test MSE 0.2414
Epoch 233 | train MSE 0.0558 | test MSE 0.2447
Epoch 234 | train MSE 0.0554 | test MSE 0.2712
Epoch 235 | train MSE 0.0562 | test MSE 0.2500
Epoch 236 | train MSE 0.0558 | test MSE 0.2585
Epoch 237 | train MSE 0.0549 | test MSE 0.2648
Epoch 238 | train MSE 0.0531 | test MSE 0.2738
Epoch 239 | train MSE 0.0527 | test MSE 0.2385
Epoch 240 | train MSE 0.0528 | test MSE 0.2616
Epoch 241 | train MSE 0.0520 | test MSE 0.2667
Epoch 242 | train MSE 0.0536 | test MSE 0.2476
Epoch 243 | train MSE 0.0525 | test MSE 0.2606
Epoch 244 | train MSE 0.0505 | test MSE 0.2663
Epoch 245 | train MSE 0.0509 | test MSE 0.2809
Epoch 246 | train MSE 0.0506 | test MSE 0.2713
Epoch 247 | train MSE 0.0506 | test MSE 0.2579
Epoch 248 | train MSE 0.0556 | test MSE 0.2796
Epoch 249 | train MSE 0.0514 | test MSE 0.2717
Epoch 250 | train MSE 0.0511 | test MSE 0.2617
Epoch 251 | train MSE 0.0527 | test MSE 0.2935
Epoch 252 | train MSE 0.0499 | test MSE 0.2542
Epoch 253 | train MSE 0.0488 | test MSE 0.3128
Epoch 254 | train MSE 0.0496 | test MSE 0.2700
Epoch 255 | train MSE 0.0507 | test MSE 0.2821
Epoch 256 | train MSE 0.0525 | test MSE 0.2549
Epoch 257 | train MSE 0.0503 | test MSE 0.3358
Epoch 258 | train MSE 0.0509 | test MSE 0.2592
Epoch 259 | train MSE 0.0494 | test MSE 0.2927
Epoch 260 | train MSE 0.0484 | test MSE 0.2660
Epoch 261 | train MSE 0.0504 | test MSE 0.3324
Epoch 262 | train MSE 0.0524 | test MSE 0.2493
Epoch 263 | train MSE 0.0494 | test MSE 0.3304
Epoch 264 | train MSE 0.0508 | test MSE 0.2710
Epoch 265 | train MSE 0.0474 | test MSE 0.2924
Epoch 266 | train MSE 0.0471 | test MSE 0.2871
Epoch 267 | train MSE 0.0482 | test MSE 0.2763
Epoch 268 | train MSE 0.0463 | test MSE 0.2851
Epoch 269 | train MSE 0.0469 | test MSE 0.2755
Epoch 270 | train MSE 0.0441 | test MSE 0.2739
Epoch 271 | train MSE 0.0439 | test MSE 0.2822
Epoch 272 | train MSE 0.0435 | test MSE 0.3172
Epoch 273 | train MSE 0.0450 | test MSE 0.2825
Epoch 274 | train MSE 0.0452 | test MSE 0.3221
Epoch 275 | train MSE 0.0454 | test MSE 0.2953
Epoch 276 | train MSE 0.0466 | test MSE 0.2896
Epoch 277 | train MSE 0.0471 | test MSE 0.3172
Epoch 278 | train MSE 0.0460 | test MSE 0.2734
Epoch 279 | train MSE 0.0462 | test MSE 0.3227
Epoch 280 | train MSE 0.0439 | test MSE 0.2801
Epoch 281 | train MSE 0.0430 | test MSE 0.3221
Epoch 282 | train MSE 0.0439 | test MSE 0.2746
Epoch 283 | train MSE 0.0457 | test MSE 0.3474
Epoch 284 | train MSE 0.0445 | test MSE 0.2815
Epoch 285 | train MSE 0.0414 | test MSE 0.2927
Epoch 286 | train MSE 0.0426 | test MSE 0.3203
Epoch 287 | train MSE 0.0412 | test MSE 0.2798
Epoch 288 | train MSE 0.0415 | test MSE 0.3223
Epoch 289 | train MSE 0.0402 | test MSE 0.2909
Epoch 290 | train MSE 0.0388 | test MSE 0.3081
Epoch 291 | train MSE 0.0394 | test MSE 0.3009
Epoch 292 | train MSE 0.0426 | test MSE 0.3323
Epoch 293 | train MSE 0.0444 | test MSE 0.3069
Epoch 294 | train MSE 0.0441 | test MSE 0.3163
Epoch 295 | train MSE 0.0425 | test MSE 0.2821
Epoch 296 | train MSE 0.0413 | test MSE 0.3178
Epoch 297 | train MSE 0.0399 | test MSE 0.3116
Epoch 298 | train MSE 0.0402 | test MSE 0.2880
Epoch 299 | train MSE 0.0420 | test MSE 0.3207
Epoch 300 | train MSE 0.0422 | test MSE 0.2882
Epoch 301 | train MSE 0.0390 | test MSE 0.3562
Epoch 302 | train MSE 0.0393 | test MSE 0.2927
Epoch 303 | train MSE 0.0404 | test MSE 0.3013
Epoch 304 | train MSE 0.0404 | test MSE 0.3194
Epoch 305 | train MSE 0.0381 | test MSE 0.2798
Epoch 306 | train MSE 0.0403 | test MSE 0.3230
Epoch 307 | train MSE 0.0374 | test MSE 0.2968
Epoch 308 | train MSE 0.0378 | test MSE 0.3177
Epoch 309 | train MSE 0.0368 | test MSE 0.3010
Epoch 310 | train MSE 0.0369 | test MSE 0.3008
Epoch 311 | train MSE 0.0350 | test MSE 0.2576
Epoch 312 | train MSE 0.0393 | test MSE 0.2748
Epoch 313 | train MSE 0.0414 | test MSE 0.2656
Epoch 314 | train MSE 0.0377 | test MSE 0.3085
Epoch 315 | train MSE 0.0390 | test MSE 0.3001
Epoch 316 | train MSE 0.0366 | test MSE 0.2962
Epoch 317 | train MSE 0.0360 | test MSE 0.3055
Epoch 318 | train MSE 0.0350 | test MSE 0.2980
Epoch 319 | train MSE 0.0353 | test MSE 0.2937
Epoch 320 | train MSE 0.0340 | test MSE 0.2993
Epoch 321 | train MSE 0.0328 | test MSE 0.3105
Epoch 322 | train MSE 0.0329 | test MSE 0.3048
Epoch 323 | train MSE 0.0333 | test MSE 0.3126
Epoch 324 | train MSE 0.0388 | test MSE 0.2969
Epoch 325 | train MSE 0.0352 | test MSE 0.3414
Epoch 326 | train MSE 0.0361 | test MSE 0.3001
Epoch 327 | train MSE 0.0336 | test MSE 0.3111
Epoch 328 | train MSE 0.0353 | test MSE 0.3210
Epoch 329 | train MSE 0.0312 | test MSE 0.2912
Epoch 330 | train MSE 0.0334 | test MSE 0.3232
Epoch 331 | train MSE 0.0331 | test MSE 0.3217
Epoch 332 | train MSE 0.0351 | test MSE 0.3219
Epoch 333 | train MSE 0.0323 | test MSE 0.3176
Epoch 334 | train MSE 0.0318 | test MSE 0.3019
Epoch 335 | train MSE 0.0302 | test MSE 0.3175
Epoch 336 | train MSE 0.0317 | test MSE 0.2985
Epoch 337 | train MSE 0.0313 | test MSE 0.3164
Epoch 338 | train MSE 0.0323 | test MSE 0.3255
Epoch 339 | train MSE 0.0302 | test MSE 0.3194
Epoch 340 | train MSE 0.0304 | test MSE 0.3125
Epoch 341 | train MSE 0.0302 | test MSE 0.3099
Epoch 342 | train MSE 0.0291 | test MSE 0.3014
Epoch 343 | train MSE 0.0276 | test MSE 0.3111
Epoch 344 | train MSE 0.0285 | test MSE 0.3368
Epoch 345 | train MSE 0.0285 | test MSE 0.3054
Epoch 346 | train MSE 0.0284 | test MSE 0.2976
Epoch 347 | train MSE 0.0278 | test MSE 0.3401
Epoch 348 | train MSE 0.0289 | test MSE 0.3150
Epoch 349 | train MSE 0.0305 | test MSE 0.3213
Epoch 350 | train MSE 0.0278 | test MSE 0.2979
Epoch 351 | train MSE 0.0279 | test MSE 0.3362
Epoch 352 | train MSE 0.0272 | test MSE 0.3115
Epoch 353 | train MSE 0.0276 | test MSE 0.3185
Epoch 354 | train MSE 0.0288 | test MSE 0.3081
Epoch 355 | train MSE 0.0291 | test MSE 0.3210
Epoch 356 | train MSE 0.0273 | test MSE 0.3348
Epoch 357 | train MSE 0.0266 | test MSE 0.3033
Epoch 358 | train MSE 0.0259 | test MSE 0.3049
Epoch 359 | train MSE 0.0256 | test MSE 0.3157
Epoch 360 | train MSE 0.0258 | test MSE 0.3302
Epoch 361 | train MSE 0.0253 | test MSE 0.3202
Epoch 362 | train MSE 0.0251 | test MSE 0.3137
Epoch 363 | train MSE 0.0260 | test MSE 0.3398
Epoch 364 | train MSE 0.0271 | test MSE 0.3057
Epoch 365 | train MSE 0.0260 | test MSE 0.3385
Epoch 366 | train MSE 0.0261 | test MSE 0.3555
Epoch 367 | train MSE 0.0248 | test MSE 0.3060
Epoch 368 | train MSE 0.0253 | test MSE 0.3501
Epoch 369 | train MSE 0.0264 | test MSE 0.2998
Epoch 370 | train MSE 0.0239 | test MSE 0.3157
Epoch 371 | train MSE 0.0236 | test MSE 0.3475
Epoch 372 | train MSE 0.0233 | test MSE 0.3201
Epoch 373 | train MSE 0.0233 | test MSE 0.3131
Epoch 374 | train MSE 0.0227 | test MSE 0.3453
Epoch 375 | train MSE 0.0241 | test MSE 0.3196
Epoch 376 | train MSE 0.0238 | test MSE 0.3387
Epoch 377 | train MSE 0.0240 | test MSE 0.3154
Epoch 378 | train MSE 0.0228 | test MSE 0.3534
Epoch 379 | train MSE 0.0266 | test MSE 0.3295
Epoch 380 | train MSE 0.0231 | test MSE 0.3088
Epoch 381 | train MSE 0.0230 | test MSE 0.3339
Epoch 382 | train MSE 0.0229 | test MSE 0.3227
Epoch 383 | train MSE 0.0247 | test MSE 0.3245
Epoch 384 | train MSE 0.0224 | test MSE 0.3202
Epoch 385 | train MSE 0.0212 | test MSE 0.3281
Epoch 386 | train MSE 0.0212 | test MSE 0.3456
Epoch 387 | train MSE 0.0214 | test MSE 0.3125
Epoch 388 | train MSE 0.0203 | test MSE 0.3292
Epoch 389 | train MSE 0.0197 | test MSE 0.3227
Epoch 390 | train MSE 0.0196 | test MSE 0.3433
Epoch 391 | train MSE 0.0187 | test MSE 0.3312
Epoch 392 | train MSE 0.0197 | test MSE 0.3315
Epoch 393 | train MSE 0.0196 | test MSE 0.3429
Epoch 394 | train MSE 0.0191 | test MSE 0.3331
Epoch 395 | train MSE 0.0194 | test MSE 0.3301
Epoch 396 | train MSE 0.0182 | test MSE 0.3439
Epoch 397 | train MSE 0.0191 | test MSE 0.3344
Epoch 398 | train MSE 0.0187 | test MSE 0.3272
Epoch 399 | train MSE 0.0185 | test MSE 0.3553
Epoch 400 | train MSE 0.0199 | test MSE 0.3212
Epoch 401 | train MSE 0.0198 | test MSE 0.3562
Epoch 402 | train MSE 0.0194 | test MSE 0.3465
Epoch 403 | train MSE 0.0180 | test MSE 0.3459
Epoch 404 | train MSE 0.0177 | test MSE 0.3385
Epoch 405 | train MSE 0.0183 | test MSE 0.3328
Epoch 406 | train MSE 0.0175 | test MSE 0.3307
Epoch 407 | train MSE 0.0174 | test MSE 0.3350
Epoch 408 | train MSE 0.0182 | test MSE 0.3629
Epoch 409 | train MSE 0.0192 | test MSE 0.3139
Epoch 410 | train MSE 0.0175 | test MSE 0.3486
Epoch 411 | train MSE 0.0173 | test MSE 0.3347
Epoch 412 | train MSE 0.0171 | test MSE 0.3358
Epoch 413 | train MSE 0.0168 | test MSE 0.3465
Epoch 414 | train MSE 0.0161 | test MSE 0.3512
Epoch 415 | train MSE 0.0165 | test MSE 0.3254
Epoch 416 | train MSE 0.0160 | test MSE 0.3367
Epoch 417 | train MSE 0.0164 | test MSE 0.3446
Epoch 418 | train MSE 0.0160 | test MSE 0.3150
Epoch 419 | train MSE 0.0159 | test MSE 0.3522
Epoch 420 | train MSE 0.0156 | test MSE 0.3482
Epoch 421 | train MSE 0.0164 | test MSE 0.3573
Epoch 422 | train MSE 0.0152 | test MSE 0.3302
Epoch 423 | train MSE 0.0159 | test MSE 0.3384
Epoch 424 | train MSE 0.0149 | test MSE 0.3460
Epoch 425 | train MSE 0.0138 | test MSE 0.3432
Epoch 426 | train MSE 0.0145 | test MSE 0.3465
Epoch 427 | train MSE 0.0138 | test MSE 0.3327
Epoch 428 | train MSE 0.0136 | test MSE 0.3307
Epoch 429 | train MSE 0.0152 | test MSE 0.3264
Epoch 430 | train MSE 0.0143 | test MSE 0.3601
Epoch 431 | train MSE 0.0139 | test MSE 0.3401
Epoch 432 | train MSE 0.0141 | test MSE 0.3547
Epoch 433 | train MSE 0.0145 | test MSE 0.3413
Epoch 434 | train MSE 0.0145 | test MSE 0.3316
Epoch 435 | train MSE 0.0150 | test MSE 0.3381
Epoch 436 | train MSE 0.0141 | test MSE 0.3445
Epoch 437 | train MSE 0.0141 | test MSE 0.3514
Epoch 438 | train MSE 0.0134 | test MSE 0.3416
Epoch 439 | train MSE 0.0133 | test MSE 0.3482
Epoch 440 | train MSE 0.0136 | test MSE 0.3269
Epoch 441 | train MSE 0.0135 | test MSE 0.3293
Epoch 442 | train MSE 0.0130 | test MSE 0.3527
Epoch 443 | train MSE 0.0131 | test MSE 0.3394
Epoch 444 | train MSE 0.0134 | test MSE 0.3371
Epoch 445 | train MSE 0.0129 | test MSE 0.3309
Epoch 446 | train MSE 0.0118 | test MSE 0.3388
Epoch 447 | train MSE 0.0116 | test MSE 0.3400
Epoch 448 | train MSE 0.0110 | test MSE 0.3444
Epoch 449 | train MSE 0.0111 | test MSE 0.3400
Epoch 450 | train MSE 0.0113 | test MSE 0.3571
Epoch 451 | train MSE 0.0118 | test MSE 0.3467
Epoch 452 | train MSE 0.0115 | test MSE 0.3270
Epoch 453 | train MSE 0.0112 | test MSE 0.3413
Epoch 454 | train MSE 0.0112 | test MSE 0.3381
Epoch 455 | train MSE 0.0114 | test MSE 0.3227
Epoch 456 | train MSE 0.0112 | test MSE 0.3509
Epoch 457 | train MSE 0.0110 | test MSE 0.3408
Epoch 458 | train MSE 0.0115 | test MSE 0.3307
Epoch 459 | train MSE 0.0115 | test MSE 0.3547
Epoch 460 | train MSE 0.0116 | test MSE 0.3398
Epoch 461 | train MSE 0.0115 | test MSE 0.3396
Epoch 462 | train MSE 0.0102 | test MSE 0.3376
Epoch 463 | train MSE 0.0114 | test MSE 0.3420
Epoch 464 | train MSE 0.0109 | test MSE 0.3470
Epoch 465 | train MSE 0.0105 | test MSE 0.3284
Epoch 466 | train MSE 0.0107 | test MSE 0.3438
Epoch 467 | train MSE 0.0108 | test MSE 0.3568
Epoch 468 | train MSE 0.0109 | test MSE 0.3204
Epoch 469 | train MSE 0.0109 | test MSE 0.3402
Epoch 470 | train MSE 0.0107 | test MSE 0.3452
Epoch 471 | train MSE 0.0103 | test MSE 0.3408
Epoch 472 | train MSE 0.0093 | test MSE 0.3300
Epoch 473 | train MSE 0.0100 | test MSE 0.3405
Epoch 474 | train MSE 0.0092 | test MSE 0.3496
Epoch 475 | train MSE 0.0097 | test MSE 0.3336
Epoch 476 | train MSE 0.0092 | test MSE 0.3574
Epoch 477 | train MSE 0.0096 | test MSE 0.3429
Epoch 478 | train MSE 0.0100 | test MSE 0.3381
Epoch 479 | train MSE 0.0092 | test MSE 0.3315
Epoch 480 | train MSE 0.0094 | test MSE 0.3602
Epoch 481 | train MSE 0.0095 | test MSE 0.3506
Epoch 482 | train MSE 0.0087 | test MSE 0.3554
Epoch 483 | train MSE 0.0087 | test MSE 0.3485
Epoch 484 | train MSE 0.0094 | test MSE 0.3432
Epoch 485 | train MSE 0.0092 | test MSE 0.3360
Epoch 486 | train MSE 0.0094 | test MSE 0.3625
Epoch 487 | train MSE 0.0100 | test MSE 0.3444
Epoch 488 | train MSE 0.0103 | test MSE 0.3434
Epoch 489 | train MSE 0.0098 | test MSE 0.3332
Epoch 490 | train MSE 0.0110 | test MSE 0.3702
Epoch 491 | train MSE 0.0103 | test MSE 0.3632
Epoch 492 | train MSE 0.0101 | test MSE 0.3259
Epoch 493 | train MSE 0.0102 | test MSE 0.3555
Epoch 494 | train MSE 0.0093 | test MSE 0.3330
Epoch 495 | train MSE 0.0095 | test MSE 0.3332
Epoch 496 | train MSE 0.0093 | test MSE 0.3452
Epoch 497 | train MSE 0.0091 | test MSE 0.3448
Epoch 498 | train MSE 0.0084 | test MSE 0.3429
Epoch 499 | train MSE 0.0081 | test MSE 0.3286
Epoch 500 | train MSE 0.0084 | test MSE 0.3615
Epoch 501 | train MSE 0.0089 | test MSE 0.3408
Epoch 502 | train MSE 0.0085 | test MSE 0.3338
Epoch 503 | train MSE 0.0091 | test MSE 0.3562
Epoch 504 | train MSE 0.0098 | test MSE 0.3419
Epoch 505 | train MSE 0.0082 | test MSE 0.3279
Epoch 506 | train MSE 0.0082 | test MSE 0.3335
Epoch 507 | train MSE 0.0076 | test MSE 0.3548
Epoch 508 | train MSE 0.0079 | test MSE 0.3290
Epoch 509 | train MSE 0.0079 | test MSE 0.3395
Epoch 510 | train MSE 0.0082 | test MSE 0.3357
Epoch 511 | train MSE 0.0077 | test MSE 0.3295
Epoch 512 | train MSE 0.0080 | test MSE 0.3592
Epoch 513 | train MSE 0.0072 | test MSE 0.3321
Epoch 514 | train MSE 0.0073 | test MSE 0.3483
Epoch 515 | train MSE 0.0078 | test MSE 0.3416
Epoch 516 | train MSE 0.0075 | test MSE 0.3483
Epoch 517 | train MSE 0.0071 | test MSE 0.3242
Epoch 518 | train MSE 0.0074 | test MSE 0.3596
Epoch 519 | train MSE 0.0071 | test MSE 0.3389
Epoch 520 | train MSE 0.0075 | test MSE 0.3365
Epoch 521 | train MSE 0.0084 | test MSE 0.3548
Epoch 522 | train MSE 0.0090 | test MSE 0.3352
Epoch 523 | train MSE 0.0080 | test MSE 0.3464
Epoch 524 | train MSE 0.0086 | test MSE 0.3364
Epoch 525 | train MSE 0.0078 | test MSE 0.3406
Epoch 526 | train MSE 0.0074 | test MSE 0.3376
Epoch 527 | train MSE 0.0069 | test MSE 0.3331
Epoch 528 | train MSE 0.0073 | test MSE 0.3662
Epoch 529 | train MSE 0.0072 | test MSE 0.3319
Epoch 530 | train MSE 0.0066 | test MSE 0.3395
Epoch 531 | train MSE 0.0070 | test MSE 0.3604
Epoch 532 | train MSE 0.0068 | test MSE 0.3337
Epoch 533 | train MSE 0.0069 | test MSE 0.3439
Epoch 534 | train MSE 0.0065 | test MSE 0.3279
Epoch 535 | train MSE 0.0064 | test MSE 0.3590
Epoch 536 | train MSE 0.0070 | test MSE 0.3277
Epoch 537 | train MSE 0.0067 | test MSE 0.3397
Epoch 538 | train MSE 0.0069 | test MSE 0.3576
Epoch 539 | train MSE 0.0072 | test MSE 0.3239
Epoch 540 | train MSE 0.0070 | test MSE 0.3318
Epoch 541 | train MSE 0.0064 | test MSE 0.3526
Epoch 542 | train MSE 0.0065 | test MSE 0.3358
Epoch 543 | train MSE 0.0063 | test MSE 0.3476
Epoch 544 | train MSE 0.0064 | test MSE 0.3382
Epoch 545 | train MSE 0.0063 | test MSE 0.3548
Epoch 546 | train MSE 0.0064 | test MSE 0.3395
Epoch 547 | train MSE 0.0065 | test MSE 0.3475
Epoch 548 | train MSE 0.0062 | test MSE 0.3276
Epoch 549 | train MSE 0.0063 | test MSE 0.3419
Epoch 550 | train MSE 0.0057 | test MSE 0.3413
Epoch 551 | train MSE 0.0061 | test MSE 0.3419
Epoch 552 | train MSE 0.0060 | test MSE 0.3414
Epoch 553 | train MSE 0.0062 | test MSE 0.3338
Epoch 554 | train MSE 0.0063 | test MSE 0.3393
Epoch 555 | train MSE 0.0061 | test MSE 0.3458
Epoch 556 | train MSE 0.0065 | test MSE 0.3303
Epoch 557 | train MSE 0.0060 | test MSE 0.3301
Epoch 558 | train MSE 0.0060 | test MSE 0.3337
Epoch 559 | train MSE 0.0058 | test MSE 0.3474
Epoch 560 | train MSE 0.0060 | test MSE 0.3214
Epoch 561 | train MSE 0.0061 | test MSE 0.3381
Epoch 562 | train MSE 0.0067 | test MSE 0.3327
Epoch 563 | train MSE 0.0061 | test MSE 0.3479
Epoch 564 | train MSE 0.0057 | test MSE 0.3434
Epoch 565 | train MSE 0.0057 | test MSE 0.3466
Epoch 566 | train MSE 0.0057 | test MSE 0.3521
Epoch 567 | train MSE 0.0056 | test MSE 0.3393
Epoch 568 | train MSE 0.0054 | test MSE 0.3279
Epoch 569 | train MSE 0.0056 | test MSE 0.3383
Epoch 570 | train MSE 0.0055 | test MSE 0.3494
Epoch 571 | train MSE 0.0053 | test MSE 0.3321
Epoch 572 | train MSE 0.0057 | test MSE 0.3473
Epoch 573 | train MSE 0.0052 | test MSE 0.3325
Epoch 574 | train MSE 0.0057 | test MSE 0.3392
Epoch 575 | train MSE 0.0059 | test MSE 0.3523
Epoch 576 | train MSE 0.0054 | test MSE 0.3280
Epoch 577 | train MSE 0.0058 | test MSE 0.3458
Epoch 578 | train MSE 0.0056 | test MSE 0.3473
Epoch 579 | train MSE 0.0052 | test MSE 0.3277
Epoch 580 | train MSE 0.0053 | test MSE 0.3413
Epoch 581 | train MSE 0.0057 | test MSE 0.3385
Epoch 582 | train MSE 0.0056 | test MSE 0.3440
Epoch 583 | train MSE 0.0056 | test MSE 0.3280
Epoch 584 | train MSE 0.0058 | test MSE 0.3433
Epoch 585 | train MSE 0.0057 | test MSE 0.3351
Epoch 586 | train MSE 0.0057 | test MSE 0.3486
Epoch 587 | train MSE 0.0055 | test MSE 0.3400
Epoch 588 | train MSE 0.0056 | test MSE 0.3393
Epoch 589 | train MSE 0.0051 | test MSE 0.3311
Epoch 590 | train MSE 0.0053 | test MSE 0.3436
Epoch 591 | train MSE 0.0057 | test MSE 0.3398
Epoch 592 | train MSE 0.0059 | test MSE 0.3181
Epoch 593 | train MSE 0.0061 | test MSE 0.3364
Epoch 594 | train MSE 0.0062 | test MSE 0.3439
Epoch 595 | train MSE 0.0062 | test MSE 0.3216
Epoch 596 | train MSE 0.0057 | test MSE 0.3285
Epoch 597 | train MSE 0.0058 | test MSE 0.3513
Epoch 598 | train MSE 0.0055 | test MSE 0.3468
Epoch 599 | train MSE 0.0056 | test MSE 0.3370
Epoch 600 | train MSE 0.0064 | test MSE 0.3251
Epoch 601 | train MSE 0.0065 | test MSE 0.3542
Epoch 602 | train MSE 0.0063 | test MSE 0.3464
Epoch 603 | train MSE 0.0065 | test MSE 0.3138
Epoch 604 | train MSE 0.0068 | test MSE 0.3505
Epoch 605 | train MSE 0.0059 | test MSE 0.3332
Epoch 606 | train MSE 0.0056 | test MSE 0.3252
Epoch 607 | train MSE 0.0060 | test MSE 0.3467
Epoch 608 | train MSE 0.0055 | test MSE 0.3425
Epoch 609 | train MSE 0.0056 | test MSE 0.3281
Epoch 610 | train MSE 0.0048 | test MSE 0.3320
Epoch 611 | train MSE 0.0051 | test MSE 0.3459
Epoch 612 | train MSE 0.0048 | test MSE 0.3257
Epoch 613 | train MSE 0.0048 | test MSE 0.3428
Epoch 614 | train MSE 0.0050 | test MSE 0.3482
Epoch 615 | train MSE 0.0052 | test MSE 0.3327
Epoch 616 | train MSE 0.0053 | test MSE 0.3398
Epoch 617 | train MSE 0.0052 | test MSE 0.3213
Epoch 618 | train MSE 0.0051 | test MSE 0.3444
Epoch 619 | train MSE 0.0053 | test MSE 0.3353
Epoch 620 | train MSE 0.0048 | test MSE 0.3597
Epoch 621 | train MSE 0.0047 | test MSE 0.3228
Epoch 622 | train MSE 0.0050 | test MSE 0.3229
Epoch 623 | train MSE 0.0050 | test MSE 0.3383
Epoch 624 | train MSE 0.0054 | test MSE 0.3220
Epoch 625 | train MSE 0.0053 | test MSE 0.3284
Epoch 626 | train MSE 0.0055 | test MSE 0.3290
Epoch 627 | train MSE 0.0056 | test MSE 0.3137
Epoch 628 | train MSE 0.0048 | test MSE 0.3512
Epoch 629 | train MSE 0.0049 | test MSE 0.3422
Epoch 630 | train MSE 0.0055 | test MSE 0.3203
Epoch 631 | train MSE 0.0054 | test MSE 0.3308
Epoch 632 | train MSE 0.0050 | test MSE 0.3383
Epoch 633 | train MSE 0.0052 | test MSE 0.3154
Epoch 634 | train MSE 0.0057 | test MSE 0.3176
Epoch 635 | train MSE 0.0049 | test MSE 0.3422
Epoch 636 | train MSE 0.0053 | test MSE 0.3261
Epoch 637 | train MSE 0.0047 | test MSE 0.3290
Epoch 638 | train MSE 0.0045 | test MSE 0.3463
Epoch 639 | train MSE 0.0045 | test MSE 0.3107
Epoch 640 | train MSE 0.0044 | test MSE 0.3224
Epoch 641 | train MSE 0.0043 | test MSE 0.3363
Epoch 642 | train MSE 0.0044 | test MSE 0.3233
Epoch 643 | train MSE 0.0041 | test MSE 0.3334
Epoch 644 | train MSE 0.0046 | test MSE 0.3214
Epoch 645 | train MSE 0.0047 | test MSE 0.3243
Epoch 646 | train MSE 0.0052 | test MSE 0.3388
Epoch 647 | train MSE 0.0046 | test MSE 0.3287
Epoch 648 | train MSE 0.0044 | test MSE 0.3518
Epoch 649 | train MSE 0.0045 | test MSE 0.3363
Epoch 650 | train MSE 0.0045 | test MSE 0.3227
Epoch 651 | train MSE 0.0043 | test MSE 0.3326
Epoch 652 | train MSE 0.0042 | test MSE 0.3510
Epoch 653 | train MSE 0.0041 | test MSE 0.3249
Epoch 654 | train MSE 0.0041 | test MSE 0.3327
Epoch 655 | train MSE 0.0041 | test MSE 0.3381
Epoch 656 | train MSE 0.0047 | test MSE 0.3280
Epoch 657 | train MSE 0.0043 | test MSE 0.3265
Epoch 658 | train MSE 0.0042 | test MSE 0.3334
Epoch 659 | train MSE 0.0042 | test MSE 0.3389
Epoch 660 | train MSE 0.0041 | test MSE 0.3316
Epoch 661 | train MSE 0.0039 | test MSE 0.3364
Epoch 662 | train MSE 0.0039 | test MSE 0.3295
Epoch 663 | train MSE 0.0040 | test MSE 0.3401
Epoch 664 | train MSE 0.0039 | test MSE 0.3333
Epoch 665 | train MSE 0.0041 | test MSE 0.3317
Epoch 666 | train MSE 0.0039 | test MSE 0.3461
Epoch 667 | train MSE 0.0040 | test MSE 0.3298
Epoch 668 | train MSE 0.0037 | test MSE 0.3341
Epoch 669 | train MSE 0.0036 | test MSE 0.3348
Epoch 670 | train MSE 0.0039 | test MSE 0.3322
Epoch 671 | train MSE 0.0039 | test MSE 0.3396
Epoch 672 | train MSE 0.0039 | test MSE 0.3185
Epoch 673 | train MSE 0.0040 | test MSE 0.3504
Epoch 674 | train MSE 0.0042 | test MSE 0.3180
Epoch 675 | train MSE 0.0041 | test MSE 0.3273
Epoch 676 | train MSE 0.0042 | test MSE 0.3398
Epoch 677 | train MSE 0.0039 | test MSE 0.3182
Epoch 678 | train MSE 0.0042 | test MSE 0.3477
Epoch 679 | train MSE 0.0039 | test MSE 0.3290
Epoch 680 | train MSE 0.0041 | test MSE 0.3423
Epoch 681 | train MSE 0.0039 | test MSE 0.3198
Epoch 682 | train MSE 0.0040 | test MSE 0.3186
Epoch 683 | train MSE 0.0041 | test MSE 0.3346
Epoch 684 | train MSE 0.0038 | test MSE 0.3403
Epoch 685 | train MSE 0.0040 | test MSE 0.3230
Epoch 686 | train MSE 0.0038 | test MSE 0.3263
Epoch 687 | train MSE 0.0039 | test MSE 0.3305
Epoch 688 | train MSE 0.0037 | test MSE 0.3254
Epoch 689 | train MSE 0.0040 | test MSE 0.3361
Epoch 690 | train MSE 0.0037 | test MSE 0.3466
Epoch 691 | train MSE 0.0042 | test MSE 0.3046
Epoch 692 | train MSE 0.0044 | test MSE 0.3433
Epoch 693 | train MSE 0.0046 | test MSE 0.3368
Epoch 694 | train MSE 0.0048 | test MSE 0.3063
Epoch 695 | train MSE 0.0049 | test MSE 0.3785
Epoch 696 | train MSE 0.0052 | test MSE 0.3312
Epoch 697 | train MSE 0.0046 | test MSE 0.3356
Epoch 698 | train MSE 0.0041 | test MSE 0.3417
Epoch 699 | train MSE 0.0048 | test MSE 0.3308
Epoch 700 | train MSE 0.0044 | test MSE 0.3542
Epoch 701 | train MSE 0.0044 | test MSE 0.3269
Epoch 702 | train MSE 0.0047 | test MSE 0.3441
Epoch 703 | train MSE 0.0046 | test MSE 0.3248
Epoch 704 | train MSE 0.0044 | test MSE 0.3344
Epoch 705 | train MSE 0.0041 | test MSE 0.3432
Epoch 706 | train MSE 0.0040 | test MSE 0.3133
Epoch 707 | train MSE 0.0045 | test MSE 0.3643
Epoch 708 | train MSE 0.0040 | test MSE 0.3229
Epoch 709 | train MSE 0.0044 | test MSE 0.3326
Epoch 710 | train MSE 0.0042 | test MSE 0.3395
Epoch 711 | train MSE 0.0041 | test MSE 0.3422
Epoch 712 | train MSE 0.0041 | test MSE 0.3464
Epoch 713 | train MSE 0.0034 | test MSE 0.3200
Epoch 714 | train MSE 0.0035 | test MSE 0.3433
Epoch 715 | train MSE 0.0032 | test MSE 0.3299
Epoch 716 | train MSE 0.0035 | test MSE 0.3261
Epoch 717 | train MSE 0.0032 | test MSE 0.3301
Epoch 718 | train MSE 0.0035 | test MSE 0.3175
Epoch 719 | train MSE 0.0034 | test MSE 0.3374
Epoch 720 | train MSE 0.0034 | test MSE 0.3268
Epoch 721 | train MSE 0.0036 | test MSE 0.3233
Epoch 722 | train MSE 0.0034 | test MSE 0.3307
Epoch 723 | train MSE 0.0038 | test MSE 0.3273
Epoch 724 | train MSE 0.0036 | test MSE 0.3348
Epoch 725 | train MSE 0.0036 | test MSE 0.3143
Epoch 726 | train MSE 0.0036 | test MSE 0.3262
Epoch 727 | train MSE 0.0036 | test MSE 0.3210
Epoch 728 | train MSE 0.0034 | test MSE 0.3272
Epoch 729 | train MSE 0.0032 | test MSE 0.3373
Epoch 730 | train MSE 0.0031 | test MSE 0.3243
Epoch 731 | train MSE 0.0033 | test MSE 0.3318
Epoch 732 | train MSE 0.0030 | test MSE 0.3225
Epoch 733 | train MSE 0.0030 | test MSE 0.3192
Epoch 734 | train MSE 0.0030 | test MSE 0.3342
Epoch 735 | train MSE 0.0031 | test MSE 0.3255
Epoch 736 | train MSE 0.0031 | test MSE 0.3204
Epoch 737 | train MSE 0.0030 | test MSE 0.3184
Epoch 738 | train MSE 0.0028 | test MSE 0.3321
Epoch 739 | train MSE 0.0031 | test MSE 0.3479
Epoch 740 | train MSE 0.0031 | test MSE 0.3250
Epoch 741 | train MSE 0.0032 | test MSE 0.3314
Epoch 742 | train MSE 0.0032 | test MSE 0.3225
Epoch 743 | train MSE 0.0031 | test MSE 0.3197
Epoch 744 | train MSE 0.0033 | test MSE 0.3313
Epoch 745 | train MSE 0.0030 | test MSE 0.3232
Epoch 746 | train MSE 0.0032 | test MSE 0.3247
Epoch 747 | train MSE 0.0034 | test MSE 0.3172
Epoch 748 | train MSE 0.0035 | test MSE 0.3331
Epoch 749 | train MSE 0.0031 | test MSE 0.3118
Epoch 750 | train MSE 0.0034 | test MSE 0.3300
Epoch 751 | train MSE 0.0035 | test MSE 0.3483
Epoch 752 | train MSE 0.0036 | test MSE 0.3132
Epoch 753 | train MSE 0.0040 | test MSE 0.3367
Epoch 754 | train MSE 0.0037 | test MSE 0.3363
Epoch 755 | train MSE 0.0034 | test MSE 0.2942
Epoch 756 | train MSE 0.0036 | test MSE 0.3318
Epoch 757 | train MSE 0.0034 | test MSE 0.3144
Epoch 758 | train MSE 0.0033 | test MSE 0.3110
Epoch 759 | train MSE 0.0035 | test MSE 0.3424
Epoch 760 | train MSE 0.0034 | test MSE 0.3065
Epoch 761 | train MSE 0.0034 | test MSE 0.3313
Epoch 762 | train MSE 0.0032 | test MSE 0.3287
Epoch 763 | train MSE 0.0032 | test MSE 0.3152
Epoch 764 | train MSE 0.0038 | test MSE 0.3331
Epoch 765 | train MSE 0.0041 | test MSE 0.3107
Epoch 766 | train MSE 0.0040 | test MSE 0.3330
Epoch 767 | train MSE 0.0047 | test MSE 0.3158
Epoch 768 | train MSE 0.0039 | test MSE 0.3467
Epoch 769 | train MSE 0.0041 | test MSE 0.3045
Epoch 770 | train MSE 0.0043 | test MSE 0.3356
Epoch 771 | train MSE 0.0038 | test MSE 0.3286
Epoch 772 | train MSE 0.0037 | test MSE 0.3127
Epoch 773 | train MSE 0.0039 | test MSE 0.3409
Epoch 774 | train MSE 0.0037 | test MSE 0.3045
Epoch 775 | train MSE 0.0041 | test MSE 0.3231
Epoch 776 | train MSE 0.0040 | test MSE 0.3387
Epoch 777 | train MSE 0.0038 | test MSE 0.3047
Epoch 778 | train MSE 0.0036 | test MSE 0.3151
Epoch 779 | train MSE 0.0032 | test MSE 0.3196
Epoch 780 | train MSE 0.0033 | test MSE 0.3126
Epoch 781 | train MSE 0.0035 | test MSE 0.3375
Epoch 782 | train MSE 0.0039 | test MSE 0.3274
Epoch 783 | train MSE 0.0035 | test MSE 0.3221
Epoch 784 | train MSE 0.0032 | test MSE 0.3292
Epoch 785 | train MSE 0.0031 | test MSE 0.3138
Epoch 786 | train MSE 0.0031 | test MSE 0.3165
Epoch 787 | train MSE 0.0031 | test MSE 0.3179
Epoch 788 | train MSE 0.0027 | test MSE 0.3271
Epoch 789 | train MSE 0.0029 | test MSE 0.3258
Epoch 790 | train MSE 0.0027 | test MSE 0.3103
Epoch 791 | train MSE 0.0030 | test MSE 0.3282
Epoch 792 | train MSE 0.0031 | test MSE 0.3127
Epoch 793 | train MSE 0.0030 | test MSE 0.3193
Epoch 794 | train MSE 0.0027 | test MSE 0.3156
Epoch 795 | train MSE 0.0026 | test MSE 0.3068
Epoch 796 | train MSE 0.0033 | test MSE 0.3182
Epoch 797 | train MSE 0.0032 | test MSE 0.3168
Epoch 798 | train MSE 0.0036 | test MSE 0.3237
Epoch 799 | train MSE 0.0033 | test MSE 0.3335
Epoch 800 | train MSE 0.0034 | test MSE 0.3124
Epoch 801 | train MSE 0.0029 | test MSE 0.3252
Epoch 802 | train MSE 0.0029 | test MSE 0.3121
Epoch 803 | train MSE 0.0028 | test MSE 0.3043
Epoch 804 | train MSE 0.0026 | test MSE 0.3155
Epoch 805 | train MSE 0.0026 | test MSE 0.3277
Epoch 806 | train MSE 0.0026 | test MSE 0.3169
Epoch 807 | train MSE 0.0024 | test MSE 0.3164
Epoch 808 | train MSE 0.0026 | test MSE 0.3076
Epoch 809 | train MSE 0.0026 | test MSE 0.3197
Epoch 810 | train MSE 0.0027 | test MSE 0.3136
Epoch 811 | train MSE 0.0027 | test MSE 0.3223
Epoch 812 | train MSE 0.0029 | test MSE 0.3269
Epoch 813 | train MSE 0.0030 | test MSE 0.3239
Epoch 814 | train MSE 0.0031 | test MSE 0.3130
Epoch 815 | train MSE 0.0030 | test MSE 0.3272
Epoch 816 | train MSE 0.0032 | test MSE 0.3117
Epoch 817 | train MSE 0.0029 | test MSE 0.3352
Epoch 818 | train MSE 0.0031 | test MSE 0.3077
Epoch 819 | train MSE 0.0029 | test MSE 0.3238
Epoch 820 | train MSE 0.0028 | test MSE 0.3079
Epoch 821 | train MSE 0.0029 | test MSE 0.3109
Epoch 822 | train MSE 0.0025 | test MSE 0.3230
Epoch 823 | train MSE 0.0026 | test MSE 0.3166
Epoch 824 | train MSE 0.0027 | test MSE 0.3320
Epoch 825 | train MSE 0.0027 | test MSE 0.3036
Epoch 826 | train MSE 0.0027 | test MSE 0.3134
Epoch 827 | train MSE 0.0027 | test MSE 0.3156
Epoch 828 | train MSE 0.0025 | test MSE 0.3068
Epoch 829 | train MSE 0.0027 | test MSE 0.3367
Epoch 830 | train MSE 0.0026 | test MSE 0.3179
Epoch 831 | train MSE 0.0028 | test MSE 0.3191
Epoch 832 | train MSE 0.0025 | test MSE 0.3276
Epoch 833 | train MSE 0.0024 | test MSE 0.3025
Epoch 834 | train MSE 0.0027 | test MSE 0.3234
Epoch 835 | train MSE 0.0027 | test MSE 0.2989
Epoch 836 | train MSE 0.0027 | test MSE 0.3232
Epoch 837 | train MSE 0.0027 | test MSE 0.3196
Epoch 838 | train MSE 0.0028 | test MSE 0.3203
Epoch 839 | train MSE 0.0027 | test MSE 0.3023
Epoch 840 | train MSE 0.0029 | test MSE 0.3244
Epoch 841 | train MSE 0.0027 | test MSE 0.3152
Epoch 842 | train MSE 0.0029 | test MSE 0.3196
Epoch 843 | train MSE 0.0025 | test MSE 0.3229
Epoch 844 | train MSE 0.0026 | test MSE 0.3273
Epoch 845 | train MSE 0.0024 | test MSE 0.3016
Epoch 846 | train MSE 0.0027 | test MSE 0.3115
Epoch 847 | train MSE 0.0025 | test MSE 0.3260
Epoch 848 | train MSE 0.0026 | test MSE 0.3243
Epoch 849 | train MSE 0.0026 | test MSE 0.3182
Epoch 850 | train MSE 0.0026 | test MSE 0.3156
Epoch 851 | train MSE 0.0027 | test MSE 0.3022
Epoch 852 | train MSE 0.0025 | test MSE 0.3234
Epoch 853 | train MSE 0.0022 | test MSE 0.3148
Epoch 854 | train MSE 0.0025 | test MSE 0.3132
Epoch 855 | train MSE 0.0025 | test MSE 0.3171
Epoch 856 | train MSE 0.0025 | test MSE 0.3146
Epoch 857 | train MSE 0.0025 | test MSE 0.3100
Epoch 858 | train MSE 0.0023 | test MSE 0.3139
Epoch 859 | train MSE 0.0023 | test MSE 0.3088
Epoch 860 | train MSE 0.0023 | test MSE 0.3113
Epoch 861 | train MSE 0.0023 | test MSE 0.3099
Epoch 862 | train MSE 0.0021 | test MSE 0.3090
Epoch 863 | train MSE 0.0023 | test MSE 0.3144
Epoch 864 | train MSE 0.0021 | test MSE 0.3012
Epoch 865 | train MSE 0.0022 | test MSE 0.3124
Epoch 866 | train MSE 0.0022 | test MSE 0.3082
Epoch 867 | train MSE 0.0021 | test MSE 0.3158
Epoch 868 | train MSE 0.0023 | test MSE 0.3253
Epoch 869 | train MSE 0.0023 | test MSE 0.3019
Epoch 870 | train MSE 0.0022 | test MSE 0.3116
Epoch 871 | train MSE 0.0023 | test MSE 0.2893
Epoch 872 | train MSE 0.0022 | test MSE 0.3159
Epoch 873 | train MSE 0.0022 | test MSE 0.3120
Epoch 874 | train MSE 0.0024 | test MSE 0.2886
Epoch 875 | train MSE 0.0024 | test MSE 0.3062
Epoch 876 | train MSE 0.0025 | test MSE 0.2988
Epoch 877 | train MSE 0.0024 | test MSE 0.3078
Epoch 878 | train MSE 0.0021 | test MSE 0.3312
Epoch 879 | train MSE 0.0023 | test MSE 0.3078
Epoch 880 | train MSE 0.0025 | test MSE 0.3195
Epoch 881 | train MSE 0.0023 | test MSE 0.3163
Epoch 882 | train MSE 0.0023 | test MSE 0.3054
Epoch 883 | train MSE 0.0023 | test MSE 0.3210
Epoch 884 | train MSE 0.0022 | test MSE 0.3007
Epoch 885 | train MSE 0.0023 | test MSE 0.3073
Epoch 886 | train MSE 0.0023 | test MSE 0.3060
Epoch 887 | train MSE 0.0022 | test MSE 0.2947
Epoch 888 | train MSE 0.0023 | test MSE 0.3184
Epoch 889 | train MSE 0.0026 | test MSE 0.3106
Epoch 890 | train MSE 0.0041 | test MSE 0.3061
Epoch 891 | train MSE 0.0032 | test MSE 0.3274
Epoch 892 | train MSE 0.0047 | test MSE 0.3366
Epoch 893 | train MSE 0.0036 | test MSE 0.2927
Epoch 894 | train MSE 0.0031 | test MSE 0.2983
Epoch 895 | train MSE 0.0030 | test MSE 0.3236
Epoch 896 | train MSE 0.0030 | test MSE 0.2947
Epoch 897 | train MSE 0.0029 | test MSE 0.3234
Epoch 898 | train MSE 0.0029 | test MSE 0.3045
Epoch 899 | train MSE 0.0030 | test MSE 0.3141
Epoch 900 | train MSE 0.0027 | test MSE 0.3160
Epoch 901 | train MSE 0.0025 | test MSE 0.3083
Epoch 902 | train MSE 0.0025 | test MSE 0.3242
Epoch 903 | train MSE 0.0026 | test MSE 0.3192
Epoch 904 | train MSE 0.0024 | test MSE 0.2958
Epoch 905 | train MSE 0.0025 | test MSE 0.3228
Epoch 906 | train MSE 0.0023 | test MSE 0.3122
Epoch 907 | train MSE 0.0020 | test MSE 0.3149
Epoch 908 | train MSE 0.0020 | test MSE 0.3070
Epoch 909 | train MSE 0.0022 | test MSE 0.3146
Epoch 910 | train MSE 0.0022 | test MSE 0.3096
Epoch 911 | train MSE 0.0022 | test MSE 0.3157
Epoch 912 | train MSE 0.0020 | test MSE 0.3119
Epoch 913 | train MSE 0.0021 | test MSE 0.3105
Epoch 914 | train MSE 0.0019 | test MSE 0.3169
Epoch 915 | train MSE 0.0019 | test MSE 0.3009
Epoch 916 | train MSE 0.0020 | test MSE 0.3044
Epoch 917 | train MSE 0.0020 | test MSE 0.3165
Epoch 918 | train MSE 0.0020 | test MSE 0.2983
Epoch 919 | train MSE 0.0021 | test MSE 0.3197
Epoch 920 | train MSE 0.0021 | test MSE 0.3022
Epoch 921 | train MSE 0.0020 | test MSE 0.3056
Epoch 922 | train MSE 0.0020 | test MSE 0.3101
Epoch 923 | train MSE 0.0021 | test MSE 0.3097
Epoch 924 | train MSE 0.0021 | test MSE 0.3051
Epoch 925 | train MSE 0.0020 | test MSE 0.3070
Epoch 926 | train MSE 0.0020 | test MSE 0.3034
Epoch 927 | train MSE 0.0020 | test MSE 0.3086
Epoch 928 | train MSE 0.0020 | test MSE 0.2993
Epoch 929 | train MSE 0.0020 | test MSE 0.3097
Epoch 930 | train MSE 0.0019 | test MSE 0.3021
Epoch 931 | train MSE 0.0020 | test MSE 0.3093
Epoch 932 | train MSE 0.0020 | test MSE 0.3072
Epoch 933 | train MSE 0.0021 | test MSE 0.3063
Epoch 934 | train MSE 0.0021 | test MSE 0.2982
Epoch 935 | train MSE 0.0021 | test MSE 0.3105
Epoch 936 | train MSE 0.0022 | test MSE 0.2903
Epoch 937 | train MSE 0.0023 | test MSE 0.3098
Epoch 938 | train MSE 0.0022 | test MSE 0.3132
Epoch 939 | train MSE 0.0022 | test MSE 0.3087
Epoch 940 | train MSE 0.0022 | test MSE 0.2935
Epoch 941 | train MSE 0.0021 | test MSE 0.3024
Epoch 942 | train MSE 0.0021 | test MSE 0.2888
Epoch 943 | train MSE 0.0021 | test MSE 0.3260
Epoch 944 | train MSE 0.0024 | test MSE 0.3006
Epoch 945 | train MSE 0.0023 | test MSE 0.3329
Epoch 946 | train MSE 0.0022 | test MSE 0.3037
Epoch 947 | train MSE 0.0021 | test MSE 0.3204
Epoch 948 | train MSE 0.0020 | test MSE 0.2996
Epoch 949 | train MSE 0.0022 | test MSE 0.3100
Epoch 950 | train MSE 0.0021 | test MSE 0.3047
Epoch 951 | train MSE 0.0023 | test MSE 0.3188
Epoch 952 | train MSE 0.0020 | test MSE 0.2985
Epoch 953 | train MSE 0.0021 | test MSE 0.3135
Epoch 954 | train MSE 0.0019 | test MSE 0.2986
Epoch 955 | train MSE 0.0020 | test MSE 0.3298
Epoch 956 | train MSE 0.0018 | test MSE 0.3085
Epoch 957 | train MSE 0.0019 | test MSE 0.3043
Epoch 958 | train MSE 0.0019 | test MSE 0.3194
Epoch 959 | train MSE 0.0020 | test MSE 0.2962
Epoch 960 | train MSE 0.0020 | test MSE 0.2981
Epoch 961 | train MSE 0.0020 | test MSE 0.3231
Epoch 962 | train MSE 0.0021 | test MSE 0.3075
Epoch 963 | train MSE 0.0019 | test MSE 0.3230
Epoch 964 | train MSE 0.0018 | test MSE 0.3044
Epoch 965 | train MSE 0.0018 | test MSE 0.3092
Epoch 966 | train MSE 0.0017 | test MSE 0.3011
Epoch 967 | train MSE 0.0018 | test MSE 0.2978
Epoch 968 | train MSE 0.0019 | test MSE 0.3093
Epoch 969 | train MSE 0.0020 | test MSE 0.2947
Epoch 970 | train MSE 0.0018 | test MSE 0.3143
Epoch 971 | train MSE 0.0018 | test MSE 0.3019
Epoch 972 | train MSE 0.0019 | test MSE 0.3077
Epoch 973 | train MSE 0.0017 | test MSE 0.3100
Epoch 974 | train MSE 0.0019 | test MSE 0.3009
Epoch 975 | train MSE 0.0020 | test MSE 0.3003
Epoch 976 | train MSE 0.0019 | test MSE 0.3059
Epoch 977 | train MSE 0.0018 | test MSE 0.2868
Epoch 978 | train MSE 0.0020 | test MSE 0.3017
Epoch 979 | train MSE 0.0020 | test MSE 0.3054
Epoch 980 | train MSE 0.0021 | test MSE 0.3136
Epoch 981 | train MSE 0.0019 | test MSE 0.3131
Epoch 982 | train MSE 0.0021 | test MSE 0.3014
Epoch 983 | train MSE 0.0020 | test MSE 0.3129
Epoch 984 | train MSE 0.0020 | test MSE 0.3033
Epoch 985 | train MSE 0.0018 | test MSE 0.2973
Epoch 986 | train MSE 0.0020 | test MSE 0.3024
Epoch 987 | train MSE 0.0018 | test MSE 0.2967
Epoch 988 | train MSE 0.0020 | test MSE 0.2957
Epoch 989 | train MSE 0.0021 | test MSE 0.3082
Epoch 990 | train MSE 0.0022 | test MSE 0.2914
Epoch 991 | train MSE 0.0022 | test MSE 0.3134
Epoch 992 | train MSE 0.0025 | test MSE 0.3046
Epoch 993 | train MSE 0.0023 | test MSE 0.2921
Epoch 994 | train MSE 0.0023 | test MSE 0.3148
Epoch 995 | train MSE 0.0023 | test MSE 0.2736
Epoch 996 | train MSE 0.0025 | test MSE 0.3159
Epoch 997 | train MSE 0.0021 | test MSE 0.2964
Epoch 998 | train MSE 0.0021 | test MSE 0.3074
Epoch 999 | train MSE 0.0022 | test MSE 0.3101
Epoch 1000 | train MSE 0.0022 | test MSE 0.2828
Final test MSE (original scale): 15.2606
Saved predictions to results/lstm_delhi_preds.csv
