使用设备: cuda
GPU型号: NVIDIA GeForce RTX 4090
开始训练...
  [Epoch 001][Batch 0100/0391] Loss 1.8518 | Acc 31.81%
  [Epoch 001][Batch 0200/0391] Loss 1.6847 | Acc 38.00%
  [Epoch 001][Batch 0300/0391] Loss 1.5718 | Acc 42.33%
  [Epoch 001][Batch 0391/0391] Loss 1.4864 | Acc 45.59%
Epoch 001 | LR 0.00100 | Train Loss 1.4864 Acc 45.59% | Test Loss 1.3809 Acc 52.45% | Epoch Time 6.00s | Throughput 8340.0 samples/s
  >>> 保存最优模型，当前最佳测试准确率: 52.45%
  [Epoch 002][Batch 0100/0391] Loss 1.1144 | Acc 59.61%
  [Epoch 002][Batch 0200/0391] Loss 1.0675 | Acc 61.56%
  [Epoch 002][Batch 0300/0391] Loss 1.0316 | Acc 62.92%
  [Epoch 002][Batch 0391/0391] Loss 1.0023 | Acc 64.15%
Epoch 002 | LR 0.00100 | Train Loss 1.0023 Acc 64.15% | Test Loss 0.9528 Acc 66.43% | Epoch Time 5.41s | Throughput 9247.8 samples/s
  >>> 保存最优模型，当前最佳测试准确率: 66.43%
  [Epoch 003][Batch 0100/0391] Loss 0.8456 | Acc 70.12%
  [Epoch 003][Batch 0200/0391] Loss 0.8324 | Acc 70.83%
  [Epoch 003][Batch 0300/0391] Loss 0.8067 | Acc 71.65%
  [Epoch 003][Batch 0391/0391] Loss 0.7850 | Acc 72.30%
Epoch 003 | LR 0.00100 | Train Loss 0.7850 Acc 72.30% | Test Loss 0.9801 Acc 66.65% | Epoch Time 5.41s | Throughput 9250.6 samples/s
  >>> 保存最优模型，当前最佳测试准确率: 66.65%
  [Epoch 004][Batch 0100/0391] Loss 0.6924 | Acc 76.17%
  [Epoch 004][Batch 0200/0391] Loss 0.6807 | Acc 76.37%
  [Epoch 004][Batch 0300/0391] Loss 0.6632 | Acc 76.83%
  [Epoch 004][Batch 0391/0391] Loss 0.6530 | Acc 77.30%
Epoch 004 | LR 0.00100 | Train Loss 0.6530 Acc 77.30% | Test Loss 0.6590 Acc 77.61% | Epoch Time 5.43s | Throughput 9202.9 samples/s
  >>> 保存最优模型，当前最佳测试准确率: 77.61%
  [Epoch 005][Batch 0100/0391] Loss 0.5734 | Acc 80.34%
  [Epoch 005][Batch 0200/0391] Loss 0.5707 | Acc 80.31%
  [Epoch 005][Batch 0300/0391] Loss 0.5655 | Acc 80.55%
  [Epoch 005][Batch 0391/0391] Loss 0.5681 | Acc 80.36%
Epoch 005 | LR 0.00100 | Train Loss 0.5681 Acc 80.36% | Test Loss 0.6901 Acc 75.91% | Epoch Time 5.41s | Throughput 9235.0 samples/s
  [Epoch 006][Batch 0100/0391] Loss 0.5287 | Acc 81.88%
  [Epoch 006][Batch 0200/0391] Loss 0.5223 | Acc 82.09%
  [Epoch 006][Batch 0300/0391] Loss 0.5148 | Acc 82.31%
  [Epoch 006][Batch 0391/0391] Loss 0.5093 | Acc 82.52%
Epoch 006 | LR 0.00100 | Train Loss 0.5093 Acc 82.52% | Test Loss 0.6817 Acc 77.07% | Epoch Time 5.42s | Throughput 9220.5 samples/s
  [Epoch 007][Batch 0100/0391] Loss 0.4599 | Acc 84.16%
  [Epoch 007][Batch 0200/0391] Loss 0.4607 | Acc 84.13%
  [Epoch 007][Batch 0300/0391] Loss 0.4696 | Acc 83.85%
  [Epoch 007][Batch 0391/0391] Loss 0.4668 | Acc 83.97%
Epoch 007 | LR 0.00100 | Train Loss 0.4668 Acc 83.97% | Test Loss 0.6349 Acc 78.80% | Epoch Time 5.44s | Throughput 9191.3 samples/s
  >>> 保存最优模型，当前最佳测试准确率: 78.80%
  [Epoch 008][Batch 0100/0391] Loss 0.4270 | Acc 85.30%
  [Epoch 008][Batch 0200/0391] Loss 0.4323 | Acc 85.17%
  [Epoch 008][Batch 0300/0391] Loss 0.4323 | Acc 85.21%
  [Epoch 008][Batch 0391/0391] Loss 0.4327 | Acc 85.17%
Epoch 008 | LR 0.00100 | Train Loss 0.4327 Acc 85.17% | Test Loss 0.5778 Acc 80.22% | Epoch Time 5.43s | Throughput 9209.4 samples/s
  >>> 保存最优模型，当前最佳测试准确率: 80.22%
  [Epoch 009][Batch 0100/0391] Loss 0.4052 | Acc 85.66%
  [Epoch 009][Batch 0200/0391] Loss 0.4098 | Acc 85.78%
  [Epoch 009][Batch 0300/0391] Loss 0.4049 | Acc 85.94%
  [Epoch 009][Batch 0391/0391] Loss 0.4023 | Acc 86.05%
Epoch 009 | LR 0.00100 | Train Loss 0.4023 Acc 86.05% | Test Loss 0.4923 Acc 83.00% | Epoch Time 5.41s | Throughput 9235.1 samples/s
  >>> 保存最优模型，当前最佳测试准确率: 83.00%
  [Epoch 010][Batch 0100/0391] Loss 0.3732 | Acc 87.13%
  [Epoch 010][Batch 0200/0391] Loss 0.3762 | Acc 87.09%
  [Epoch 010][Batch 0300/0391] Loss 0.3787 | Acc 86.93%
  [Epoch 010][Batch 0391/0391] Loss 0.3776 | Acc 87.02%
Epoch 010 | LR 0.00100 | Train Loss 0.3776 Acc 87.02% | Test Loss 0.4175 Acc 86.19% | Epoch Time 5.43s | Throughput 9209.1 samples/s
  >>> 保存最优模型，当前最佳测试准确率: 86.19%
  [Epoch 011][Batch 0100/0391] Loss 0.3302 | Acc 88.74%
  [Epoch 011][Batch 0200/0391] Loss 0.3400 | Acc 88.37%
  [Epoch 011][Batch 0300/0391] Loss 0.3460 | Acc 88.23%
  [Epoch 011][Batch 0391/0391] Loss 0.3490 | Acc 88.07%
Epoch 011 | LR 0.00100 | Train Loss 0.3490 Acc 88.07% | Test Loss 0.5141 Acc 82.96% | Epoch Time 5.43s | Throughput 9215.4 samples/s
  [Epoch 012][Batch 0100/0391] Loss 0.3239 | Acc 88.76%
  [Epoch 012][Batch 0200/0391] Loss 0.3298 | Acc 88.57%
  [Epoch 012][Batch 0300/0391] Loss 0.3334 | Acc 88.51%
  [Epoch 012][Batch 0391/0391] Loss 0.3352 | Acc 88.53%
Epoch 012 | LR 0.00100 | Train Loss 0.3352 Acc 88.53% | Test Loss 0.4755 Acc 84.34% | Epoch Time 5.45s | Throughput 9172.8 samples/s
  [Epoch 013][Batch 0100/0391] Loss 0.3123 | Acc 89.48%
  [Epoch 013][Batch 0200/0391] Loss 0.3099 | Acc 89.49%
  [Epoch 013][Batch 0300/0391] Loss 0.3125 | Acc 89.31%
  [Epoch 013][Batch 0391/0391] Loss 0.3119 | Acc 89.31%
Epoch 013 | LR 0.00100 | Train Loss 0.3119 Acc 89.31% | Test Loss 0.4551 Acc 84.03% | Epoch Time 5.41s | Throughput 9240.1 samples/s
  [Epoch 014][Batch 0100/0391] Loss 0.2926 | Acc 89.69%
  [Epoch 014][Batch 0200/0391] Loss 0.2883 | Acc 89.97%
  [Epoch 014][Batch 0300/0391] Loss 0.2970 | Acc 89.66%
  [Epoch 014][Batch 0391/0391] Loss 0.2993 | Acc 89.61%
Epoch 014 | LR 0.00100 | Train Loss 0.2993 Acc 89.61% | Test Loss 0.4120 Acc 85.98% | Epoch Time 5.42s | Throughput 9222.6 samples/s
  [Epoch 015][Batch 0100/0391] Loss 0.2598 | Acc 90.99%
  [Epoch 015][Batch 0200/0391] Loss 0.2696 | Acc 90.71%
  [Epoch 015][Batch 0300/0391] Loss 0.2775 | Acc 90.42%
  [Epoch 015][Batch 0391/0391] Loss 0.2834 | Acc 90.30%
Epoch 015 | LR 0.00100 | Train Loss 0.2834 Acc 90.30% | Test Loss 0.4015 Acc 86.71% | Epoch Time 5.42s | Throughput 9218.8 samples/s
  >>> 保存最优模型，当前最佳测试准确率: 86.71%
  [Epoch 016][Batch 0100/0391] Loss 0.2662 | Acc 90.63%
  [Epoch 016][Batch 0200/0391] Loss 0.2643 | Acc 90.80%
  [Epoch 016][Batch 0300/0391] Loss 0.2663 | Acc 90.77%
  [Epoch 016][Batch 0391/0391] Loss 0.2675 | Acc 90.71%
Epoch 016 | LR 0.00100 | Train Loss 0.2675 Acc 90.71% | Test Loss 0.4691 Acc 84.81% | Epoch Time 5.44s | Throughput 9196.6 samples/s
  [Epoch 017][Batch 0100/0391] Loss 0.2437 | Acc 91.55%
  [Epoch 017][Batch 0200/0391] Loss 0.2542 | Acc 91.10%
  [Epoch 017][Batch 0300/0391] Loss 0.2565 | Acc 91.04%
  [Epoch 017][Batch 0391/0391] Loss 0.2593 | Acc 91.00%
Epoch 017 | LR 0.00100 | Train Loss 0.2593 Acc 91.00% | Test Loss 0.3903 Acc 87.23% | Epoch Time 5.44s | Throughput 9191.1 samples/s
  >>> 保存最优模型，当前最佳测试准确率: 87.23%
  [Epoch 018][Batch 0100/0391] Loss 0.2317 | Acc 91.93%
  [Epoch 018][Batch 0200/0391] Loss 0.2455 | Acc 91.68%
  [Epoch 018][Batch 0300/0391] Loss 0.2451 | Acc 91.67%
  [Epoch 018][Batch 0391/0391] Loss 0.2486 | Acc 91.52%
Epoch 018 | LR 0.00100 | Train Loss 0.2486 Acc 91.52% | Test Loss 0.4316 Acc 86.13% | Epoch Time 5.44s | Throughput 9186.5 samples/s
  [Epoch 019][Batch 0100/0391] Loss 0.2289 | Acc 92.05%
  [Epoch 019][Batch 0200/0391] Loss 0.2348 | Acc 91.79%
  [Epoch 019][Batch 0300/0391] Loss 0.2348 | Acc 91.86%
  [Epoch 019][Batch 0391/0391] Loss 0.2360 | Acc 91.82%
Epoch 019 | LR 0.00100 | Train Loss 0.2360 Acc 91.82% | Test Loss 0.4043 Acc 86.98% | Epoch Time 5.44s | Throughput 9188.3 samples/s
  [Epoch 020][Batch 0100/0391] Loss 0.2217 | Acc 92.40%
  [Epoch 020][Batch 0200/0391] Loss 0.2256 | Acc 92.14%
  [Epoch 020][Batch 0300/0391] Loss 0.2281 | Acc 92.05%
  [Epoch 020][Batch 0391/0391] Loss 0.2308 | Acc 92.04%
Epoch 020 | LR 0.00100 | Train Loss 0.2308 Acc 92.04% | Test Loss 0.3669 Acc 87.66% | Epoch Time 5.43s | Throughput 9216.5 samples/s
  >>> 保存最优模型，当前最佳测试准确率: 87.66%
  [Epoch 021][Batch 0100/0391] Loss 0.2165 | Acc 92.59%
  [Epoch 021][Batch 0200/0391] Loss 0.2121 | Acc 92.69%
  [Epoch 021][Batch 0300/0391] Loss 0.2155 | Acc 92.60%
  [Epoch 021][Batch 0391/0391] Loss 0.2176 | Acc 92.56%
Epoch 021 | LR 0.00100 | Train Loss 0.2176 Acc 92.56% | Test Loss 0.4077 Acc 86.94% | Epoch Time 5.44s | Throughput 9198.1 samples/s
  [Epoch 022][Batch 0100/0391] Loss 0.1995 | Acc 92.95%
  [Epoch 022][Batch 0200/0391] Loss 0.2034 | Acc 92.82%
  [Epoch 022][Batch 0300/0391] Loss 0.2097 | Acc 92.57%
  [Epoch 022][Batch 0391/0391] Loss 0.2138 | Acc 92.54%
Epoch 022 | LR 0.00100 | Train Loss 0.2138 Acc 92.54% | Test Loss 0.3320 Acc 88.82% | Epoch Time 5.44s | Throughput 9194.1 samples/s
  >>> 保存最优模型，当前最佳测试准确率: 88.82%
  [Epoch 023][Batch 0100/0391] Loss 0.1882 | Acc 93.54%
  [Epoch 023][Batch 0200/0391] Loss 0.1997 | Acc 93.16%
  [Epoch 023][Batch 0300/0391] Loss 0.2018 | Acc 93.12%
  [Epoch 023][Batch 0391/0391] Loss 0.2050 | Acc 92.98%
Epoch 023 | LR 0.00100 | Train Loss 0.2050 Acc 92.98% | Test Loss 0.4005 Acc 87.27% | Epoch Time 5.45s | Throughput 9176.7 samples/s
  [Epoch 024][Batch 0100/0391] Loss 0.1822 | Acc 93.65%
  [Epoch 024][Batch 0200/0391] Loss 0.1935 | Acc 93.17%
  [Epoch 024][Batch 0300/0391] Loss 0.1972 | Acc 93.07%
  [Epoch 024][Batch 0391/0391] Loss 0.2001 | Acc 92.94%
Epoch 024 | LR 0.00100 | Train Loss 0.2001 Acc 92.94% | Test Loss 0.3634 Acc 87.92% | Epoch Time 5.42s | Throughput 9224.8 samples/s
  [Epoch 025][Batch 0100/0391] Loss 0.1790 | Acc 93.90%
  [Epoch 025][Batch 0200/0391] Loss 0.1916 | Acc 93.50%
  [Epoch 025][Batch 0300/0391] Loss 0.1971 | Acc 93.26%
  [Epoch 025][Batch 0391/0391] Loss 0.1987 | Acc 93.16%
Epoch 025 | LR 0.00100 | Train Loss 0.1987 Acc 93.16% | Test Loss 0.3554 Acc 88.41% | Epoch Time 5.44s | Throughput 9188.4 samples/s
  [Epoch 026][Batch 0100/0391] Loss 0.1692 | Acc 94.27%
  [Epoch 026][Batch 0200/0391] Loss 0.1805 | Acc 93.87%
  [Epoch 026][Batch 0300/0391] Loss 0.1830 | Acc 93.74%
  [Epoch 026][Batch 0391/0391] Loss 0.1878 | Acc 93.56%
Epoch 026 | LR 0.00100 | Train Loss 0.1878 Acc 93.56% | Test Loss 0.4133 Acc 87.11% | Epoch Time 5.45s | Throughput 9173.8 samples/s
  [Epoch 027][Batch 0100/0391] Loss 0.1706 | Acc 94.17%
  [Epoch 027][Batch 0200/0391] Loss 0.1818 | Acc 93.75%
  [Epoch 027][Batch 0300/0391] Loss 0.1813 | Acc 93.67%
  [Epoch 027][Batch 0391/0391] Loss 0.1831 | Acc 93.62%
Epoch 027 | LR 0.00100 | Train Loss 0.1831 Acc 93.62% | Test Loss 0.4183 Acc 86.71% | Epoch Time 5.43s | Throughput 9203.1 samples/s
  [Epoch 028][Batch 0100/0391] Loss 0.1645 | Acc 94.37%
  [Epoch 028][Batch 0200/0391] Loss 0.1743 | Acc 94.05%
  [Epoch 028][Batch 0300/0391] Loss 0.1789 | Acc 93.79%
  [Epoch 028][Batch 0391/0391] Loss 0.1794 | Acc 93.84%
Epoch 028 | LR 0.00100 | Train Loss 0.1794 Acc 93.84% | Test Loss 0.4062 Acc 87.75% | Epoch Time 5.44s | Throughput 9190.8 samples/s
  [Epoch 029][Batch 0100/0391] Loss 0.1643 | Acc 94.25%
  [Epoch 029][Batch 0200/0391] Loss 0.1700 | Acc 94.12%
  [Epoch 029][Batch 0300/0391] Loss 0.1756 | Acc 93.82%
  [Epoch 029][Batch 0391/0391] Loss 0.1767 | Acc 93.78%
Epoch 029 | LR 0.00100 | Train Loss 0.1767 Acc 93.78% | Test Loss 0.3645 Acc 88.21% | Epoch Time 5.43s | Throughput 9213.6 samples/s
  [Epoch 030][Batch 0100/0391] Loss 0.1506 | Acc 94.67%
  [Epoch 030][Batch 0200/0391] Loss 0.1606 | Acc 94.33%
  [Epoch 030][Batch 0300/0391] Loss 0.1691 | Acc 94.04%
  [Epoch 030][Batch 0391/0391] Loss 0.1690 | Acc 94.06%
Epoch 030 | LR 0.00100 | Train Loss 0.1690 Acc 94.06% | Test Loss 0.3485 Acc 89.18% | Epoch Time 5.42s | Throughput 9225.9 samples/s
  >>> 保存最优模型，当前最佳测试准确率: 89.18%
  [Epoch 031][Batch 0100/0391] Loss 0.1521 | Acc 94.75%
  [Epoch 031][Batch 0200/0391] Loss 0.1575 | Acc 94.58%
  [Epoch 031][Batch 0300/0391] Loss 0.1616 | Acc 94.43%
  [Epoch 031][Batch 0391/0391] Loss 0.1668 | Acc 94.24%
Epoch 031 | LR 0.00100 | Train Loss 0.1668 Acc 94.24% | Test Loss 0.3161 Acc 89.79% | Epoch Time 5.44s | Throughput 9190.2 samples/s
  >>> 保存最优模型，当前最佳测试准确率: 89.79%
  [Epoch 032][Batch 0100/0391] Loss 0.1479 | Acc 94.68%
  [Epoch 032][Batch 0200/0391] Loss 0.1557 | Acc 94.48%
  [Epoch 032][Batch 0300/0391] Loss 0.1598 | Acc 94.35%
  [Epoch 032][Batch 0391/0391] Loss 0.1643 | Acc 94.23%
Epoch 032 | LR 0.00100 | Train Loss 0.1643 Acc 94.23% | Test Loss 0.3360 Acc 89.29% | Epoch Time 5.46s | Throughput 9159.2 samples/s
  [Epoch 033][Batch 0100/0391] Loss 0.1340 | Acc 95.38%
  [Epoch 033][Batch 0200/0391] Loss 0.1442 | Acc 95.08%
  [Epoch 033][Batch 0300/0391] Loss 0.1502 | Acc 94.88%
  [Epoch 033][Batch 0391/0391] Loss 0.1567 | Acc 94.67%
Epoch 033 | LR 0.00100 | Train Loss 0.1567 Acc 94.67% | Test Loss 0.3525 Acc 88.71% | Epoch Time 5.44s | Throughput 9191.5 samples/s
  [Epoch 034][Batch 0100/0391] Loss 0.1338 | Acc 95.27%
  [Epoch 034][Batch 0200/0391] Loss 0.1450 | Acc 94.89%
  [Epoch 034][Batch 0300/0391] Loss 0.1538 | Acc 94.61%
  [Epoch 034][Batch 0391/0391] Loss 0.1569 | Acc 94.49%
Epoch 034 | LR 0.00100 | Train Loss 0.1569 Acc 94.49% | Test Loss 0.4761 Acc 85.63% | Epoch Time 5.44s | Throughput 9193.1 samples/s
  [Epoch 035][Batch 0100/0391] Loss 0.1469 | Acc 94.86%
  [Epoch 035][Batch 0200/0391] Loss 0.1501 | Acc 94.75%
  [Epoch 035][Batch 0300/0391] Loss 0.1498 | Acc 94.74%
  [Epoch 035][Batch 0391/0391] Loss 0.1527 | Acc 94.69%
Epoch 035 | LR 0.00100 | Train Loss 0.1527 Acc 94.69% | Test Loss 0.3564 Acc 88.90% | Epoch Time 5.42s | Throughput 9228.5 samples/s
  [Epoch 036][Batch 0100/0391] Loss 0.1388 | Acc 94.93%
  [Epoch 036][Batch 0200/0391] Loss 0.1452 | Acc 94.72%
  [Epoch 036][Batch 0300/0391] Loss 0.1513 | Acc 94.59%
  [Epoch 036][Batch 0391/0391] Loss 0.1532 | Acc 94.59%
Epoch 036 | LR 0.00100 | Train Loss 0.1532 Acc 94.59% | Test Loss 0.3369 Acc 89.33% | Epoch Time 5.43s | Throughput 9216.4 samples/s
  [Epoch 037][Batch 0100/0391] Loss 0.1354 | Acc 95.22%
  [Epoch 037][Batch 0200/0391] Loss 0.1460 | Acc 95.00%
  [Epoch 037][Batch 0300/0391] Loss 0.1470 | Acc 94.93%
  [Epoch 037][Batch 0391/0391] Loss 0.1455 | Acc 94.91%
Epoch 037 | LR 0.00100 | Train Loss 0.1455 Acc 94.91% | Test Loss 0.3465 Acc 89.39% | Epoch Time 5.43s | Throughput 9200.0 samples/s
  [Epoch 038][Batch 0100/0391] Loss 0.1400 | Acc 95.26%
  [Epoch 038][Batch 0200/0391] Loss 0.1358 | Acc 95.28%
  [Epoch 038][Batch 0300/0391] Loss 0.1396 | Acc 95.10%
  [Epoch 038][Batch 0391/0391] Loss 0.1434 | Acc 94.99%
Epoch 038 | LR 0.00100 | Train Loss 0.1434 Acc 94.99% | Test Loss 0.3366 Acc 89.54% | Epoch Time 5.43s | Throughput 9209.2 samples/s
  [Epoch 039][Batch 0100/0391] Loss 0.1274 | Acc 95.59%
  [Epoch 039][Batch 0200/0391] Loss 0.1318 | Acc 95.36%
  [Epoch 039][Batch 0300/0391] Loss 0.1369 | Acc 95.18%
  [Epoch 039][Batch 0391/0391] Loss 0.1423 | Acc 95.04%
Epoch 039 | LR 0.00100 | Train Loss 0.1423 Acc 95.04% | Test Loss 0.3290 Acc 89.59% | Epoch Time 5.45s | Throughput 9169.6 samples/s
  [Epoch 040][Batch 0100/0391] Loss 0.1285 | Acc 95.42%
  [Epoch 040][Batch 0200/0391] Loss 0.1371 | Acc 95.17%
  [Epoch 040][Batch 0300/0391] Loss 0.1405 | Acc 95.18%
  [Epoch 040][Batch 0391/0391] Loss 0.1419 | Acc 95.12%
Epoch 040 | LR 0.00100 | Train Loss 0.1419 Acc 95.12% | Test Loss 0.3697 Acc 88.45% | Epoch Time 5.46s | Throughput 9157.1 samples/s
  [Epoch 041][Batch 0100/0391] Loss 0.1183 | Acc 95.96%
  [Epoch 041][Batch 0200/0391] Loss 0.1299 | Acc 95.54%
  [Epoch 041][Batch 0300/0391] Loss 0.1312 | Acc 95.50%
  [Epoch 041][Batch 0391/0391] Loss 0.1384 | Acc 95.22%
Epoch 041 | LR 0.00100 | Train Loss 0.1384 Acc 95.22% | Test Loss 0.3345 Acc 89.63% | Epoch Time 5.42s | Throughput 9221.8 samples/s
  [Epoch 042][Batch 0100/0391] Loss 0.1137 | Acc 96.09%
  [Epoch 042][Batch 0200/0391] Loss 0.1261 | Acc 95.66%
  [Epoch 042][Batch 0300/0391] Loss 0.1338 | Acc 95.41%
  [Epoch 042][Batch 0391/0391] Loss 0.1366 | Acc 95.30%
Epoch 042 | LR 0.00100 | Train Loss 0.1366 Acc 95.30% | Test Loss 0.3664 Acc 88.80% | Epoch Time 5.43s | Throughput 9211.3 samples/s
  [Epoch 043][Batch 0100/0391] Loss 0.1143 | Acc 96.20%
  [Epoch 043][Batch 0200/0391] Loss 0.1203 | Acc 95.96%
  [Epoch 043][Batch 0300/0391] Loss 0.1293 | Acc 95.63%
  [Epoch 043][Batch 0391/0391] Loss 0.1332 | Acc 95.46%
Epoch 043 | LR 0.00100 | Train Loss 0.1332 Acc 95.46% | Test Loss 0.3701 Acc 88.79% | Epoch Time 5.45s | Throughput 9180.2 samples/s
  [Epoch 044][Batch 0100/0391] Loss 0.1161 | Acc 95.78%
  [Epoch 044][Batch 0200/0391] Loss 0.1238 | Acc 95.48%
  [Epoch 044][Batch 0300/0391] Loss 0.1320 | Acc 95.24%
  [Epoch 044][Batch 0391/0391] Loss 0.1380 | Acc 95.10%
Epoch 044 | LR 0.00100 | Train Loss 0.1380 Acc 95.10% | Test Loss 0.3189 Acc 90.27% | Epoch Time 5.44s | Throughput 9188.9 samples/s
  >>> 保存最优模型，当前最佳测试准确率: 90.27%
  [Epoch 045][Batch 0100/0391] Loss 0.1202 | Acc 95.94%
  [Epoch 045][Batch 0200/0391] Loss 0.1228 | Acc 95.71%
  [Epoch 045][Batch 0300/0391] Loss 0.1280 | Acc 95.52%
  [Epoch 045][Batch 0391/0391] Loss 0.1315 | Acc 95.38%
Epoch 045 | LR 0.00100 | Train Loss 0.1315 Acc 95.38% | Test Loss 0.3535 Acc 89.25% | Epoch Time 5.43s | Throughput 9210.9 samples/s
  [Epoch 046][Batch 0100/0391] Loss 0.1148 | Acc 95.93%
  [Epoch 046][Batch 0200/0391] Loss 0.1219 | Acc 95.74%
  [Epoch 046][Batch 0300/0391] Loss 0.1266 | Acc 95.57%
  [Epoch 046][Batch 0391/0391] Loss 0.1283 | Acc 95.54%
Epoch 046 | LR 0.00100 | Train Loss 0.1283 Acc 95.54% | Test Loss 0.3409 Acc 89.62% | Epoch Time 5.42s | Throughput 9218.9 samples/s
  [Epoch 047][Batch 0100/0391] Loss 0.1182 | Acc 95.91%
  [Epoch 047][Batch 0200/0391] Loss 0.1209 | Acc 95.79%
  [Epoch 047][Batch 0300/0391] Loss 0.1272 | Acc 95.48%
  [Epoch 047][Batch 0391/0391] Loss 0.1323 | Acc 95.27%
Epoch 047 | LR 0.00100 | Train Loss 0.1323 Acc 95.27% | Test Loss 0.3236 Acc 90.03% | Epoch Time 5.44s | Throughput 9184.6 samples/s
  [Epoch 048][Batch 0100/0391] Loss 0.1120 | Acc 96.19%
  [Epoch 048][Batch 0200/0391] Loss 0.1227 | Acc 95.68%
  [Epoch 048][Batch 0300/0391] Loss 0.1255 | Acc 95.62%
  [Epoch 048][Batch 0391/0391] Loss 0.1270 | Acc 95.59%
Epoch 048 | LR 0.00100 | Train Loss 0.1270 Acc 95.59% | Test Loss 0.3349 Acc 89.42% | Epoch Time 5.42s | Throughput 9225.1 samples/s
  [Epoch 049][Batch 0100/0391] Loss 0.1131 | Acc 95.98%
  [Epoch 049][Batch 0200/0391] Loss 0.1225 | Acc 95.73%
  [Epoch 049][Batch 0300/0391] Loss 0.1255 | Acc 95.62%
  [Epoch 049][Batch 0391/0391] Loss 0.1279 | Acc 95.54%
Epoch 049 | LR 0.00100 | Train Loss 0.1279 Acc 95.54% | Test Loss 0.3345 Acc 89.91% | Epoch Time 5.42s | Throughput 9216.7 samples/s
  [Epoch 050][Batch 0100/0391] Loss 0.1182 | Acc 95.98%
  [Epoch 050][Batch 0200/0391] Loss 0.1201 | Acc 95.77%
  [Epoch 050][Batch 0300/0391] Loss 0.1247 | Acc 95.66%
  [Epoch 050][Batch 0391/0391] Loss 0.1278 | Acc 95.60%
Epoch 050 | LR 0.00100 | Train Loss 0.1278 Acc 95.60% | Test Loss 0.3708 Acc 88.81% | Epoch Time 5.41s | Throughput 9234.8 samples/s
  [Epoch 051][Batch 0100/0391] Loss 0.0879 | Acc 97.13%
  [Epoch 051][Batch 0200/0391] Loss 0.0759 | Acc 97.52%
  [Epoch 051][Batch 0300/0391] Loss 0.0731 | Acc 97.60%
  [Epoch 051][Batch 0391/0391] Loss 0.0726 | Acc 97.58%
Epoch 051 | LR 0.00050 | Train Loss 0.0726 Acc 97.58% | Test Loss 0.2792 Acc 91.70% | Epoch Time 5.42s | Throughput 9216.8 samples/s
  >>> 保存最优模型，当前最佳测试准确率: 91.70%
  [Epoch 052][Batch 0100/0391] Loss 0.0552 | Acc 98.12%
  [Epoch 052][Batch 0200/0391] Loss 0.0574 | Acc 98.03%
  [Epoch 052][Batch 0300/0391] Loss 0.0578 | Acc 98.02%
  [Epoch 052][Batch 0391/0391] Loss 0.0581 | Acc 98.00%
Epoch 052 | LR 0.00050 | Train Loss 0.0581 Acc 98.00% | Test Loss 0.2808 Acc 92.04% | Epoch Time 5.45s | Throughput 9169.9 samples/s
  >>> 保存最优模型，当前最佳测试准确率: 92.04%
  [Epoch 053][Batch 0100/0391] Loss 0.0488 | Acc 98.38%
  [Epoch 053][Batch 0200/0391] Loss 0.0518 | Acc 98.26%
  [Epoch 053][Batch 0300/0391] Loss 0.0543 | Acc 98.16%
  [Epoch 053][Batch 0391/0391] Loss 0.0559 | Acc 98.11%
Epoch 053 | LR 0.00050 | Train Loss 0.0559 Acc 98.11% | Test Loss 0.2982 Acc 91.76% | Epoch Time 5.42s | Throughput 9231.3 samples/s
  [Epoch 054][Batch 0100/0391] Loss 0.0535 | Acc 98.23%
  [Epoch 054][Batch 0200/0391] Loss 0.0507 | Acc 98.29%
  [Epoch 054][Batch 0300/0391] Loss 0.0550 | Acc 98.16%
  [Epoch 054][Batch 0391/0391] Loss 0.0581 | Acc 98.03%
Epoch 054 | LR 0.00050 | Train Loss 0.0581 Acc 98.03% | Test Loss 0.3074 Acc 91.59% | Epoch Time 5.44s | Throughput 9198.3 samples/s
  [Epoch 055][Batch 0100/0391] Loss 0.0539 | Acc 98.11%
  [Epoch 055][Batch 0200/0391] Loss 0.0521 | Acc 98.22%
  [Epoch 055][Batch 0300/0391] Loss 0.0534 | Acc 98.15%
  [Epoch 055][Batch 0391/0391] Loss 0.0562 | Acc 98.00%
Epoch 055 | LR 0.00050 | Train Loss 0.0562 Acc 98.00% | Test Loss 0.3378 Acc 91.13% | Epoch Time 5.43s | Throughput 9212.8 samples/s
  [Epoch 056][Batch 0100/0391] Loss 0.0538 | Acc 98.26%
  [Epoch 056][Batch 0200/0391] Loss 0.0517 | Acc 98.30%
  [Epoch 056][Batch 0300/0391] Loss 0.0528 | Acc 98.22%
  [Epoch 056][Batch 0391/0391] Loss 0.0545 | Acc 98.14%
Epoch 056 | LR 0.00050 | Train Loss 0.0545 Acc 98.14% | Test Loss 0.3350 Acc 91.34% | Epoch Time 5.42s | Throughput 9231.6 samples/s
  [Epoch 057][Batch 0100/0391] Loss 0.0512 | Acc 98.38%
  [Epoch 057][Batch 0200/0391] Loss 0.0561 | Acc 98.14%
  [Epoch 057][Batch 0300/0391] Loss 0.0586 | Acc 98.03%
  [Epoch 057][Batch 0391/0391] Loss 0.0591 | Acc 98.00%
Epoch 057 | LR 0.00050 | Train Loss 0.0591 Acc 98.00% | Test Loss 0.3137 Acc 91.62% | Epoch Time 5.41s | Throughput 9248.2 samples/s
  [Epoch 058][Batch 0100/0391] Loss 0.0497 | Acc 98.34%
  [Epoch 058][Batch 0200/0391] Loss 0.0502 | Acc 98.29%
  [Epoch 058][Batch 0300/0391] Loss 0.0531 | Acc 98.18%
  [Epoch 058][Batch 0391/0391] Loss 0.0563 | Acc 98.08%
Epoch 058 | LR 0.00050 | Train Loss 0.0563 Acc 98.08% | Test Loss 0.3194 Acc 91.30% | Epoch Time 5.42s | Throughput 9222.0 samples/s
  [Epoch 059][Batch 0100/0391] Loss 0.0556 | Acc 98.02%
  [Epoch 059][Batch 0200/0391] Loss 0.0561 | Acc 98.09%
  [Epoch 059][Batch 0300/0391] Loss 0.0556 | Acc 98.13%
  [Epoch 059][Batch 0391/0391] Loss 0.0562 | Acc 98.11%
Epoch 059 | LR 0.00050 | Train Loss 0.0562 Acc 98.11% | Test Loss 0.3415 Acc 90.88% | Epoch Time 5.43s | Throughput 9214.0 samples/s
  [Epoch 060][Batch 0100/0391] Loss 0.0504 | Acc 98.33%
  [Epoch 060][Batch 0200/0391] Loss 0.0515 | Acc 98.24%
  [Epoch 060][Batch 0300/0391] Loss 0.0538 | Acc 98.16%
  [Epoch 060][Batch 0391/0391] Loss 0.0556 | Acc 98.11%
Epoch 060 | LR 0.00050 | Train Loss 0.0556 Acc 98.11% | Test Loss 0.3356 Acc 91.12% | Epoch Time 5.42s | Throughput 9224.9 samples/s
  [Epoch 061][Batch 0100/0391] Loss 0.0474 | Acc 98.36%
  [Epoch 061][Batch 0200/0391] Loss 0.0520 | Acc 98.18%
  [Epoch 061][Batch 0300/0391] Loss 0.0544 | Acc 98.09%
  [Epoch 061][Batch 0391/0391] Loss 0.0554 | Acc 98.09%
Epoch 061 | LR 0.00050 | Train Loss 0.0554 Acc 98.09% | Test Loss 0.3165 Acc 91.38% | Epoch Time 5.44s | Throughput 9184.9 samples/s
  [Epoch 062][Batch 0100/0391] Loss 0.0442 | Acc 98.48%
  [Epoch 062][Batch 0200/0391] Loss 0.0469 | Acc 98.38%
  [Epoch 062][Batch 0300/0391] Loss 0.0483 | Acc 98.30%
  [Epoch 062][Batch 0391/0391] Loss 0.0495 | Acc 98.25%
Epoch 062 | LR 0.00050 | Train Loss 0.0495 Acc 98.25% | Test Loss 0.3440 Acc 91.07% | Epoch Time 5.42s | Throughput 9231.7 samples/s
  [Epoch 063][Batch 0100/0391] Loss 0.0484 | Acc 98.26%
  [Epoch 063][Batch 0200/0391] Loss 0.0517 | Acc 98.16%
  [Epoch 063][Batch 0300/0391] Loss 0.0541 | Acc 98.12%
  [Epoch 063][Batch 0391/0391] Loss 0.0548 | Acc 98.10%
Epoch 063 | LR 0.00050 | Train Loss 0.0548 Acc 98.10% | Test Loss 0.3154 Acc 91.51% | Epoch Time 5.43s | Throughput 9206.2 samples/s
  [Epoch 064][Batch 0100/0391] Loss 0.0504 | Acc 98.20%
  [Epoch 064][Batch 0200/0391] Loss 0.0490 | Acc 98.27%
  [Epoch 064][Batch 0300/0391] Loss 0.0516 | Acc 98.18%
  [Epoch 064][Batch 0391/0391] Loss 0.0526 | Acc 98.15%
Epoch 064 | LR 0.00050 | Train Loss 0.0526 Acc 98.15% | Test Loss 0.3220 Acc 91.61% | Epoch Time 5.42s | Throughput 9225.1 samples/s
  [Epoch 065][Batch 0100/0391] Loss 0.0452 | Acc 98.40%
  [Epoch 065][Batch 0200/0391] Loss 0.0443 | Acc 98.52%
  [Epoch 065][Batch 0300/0391] Loss 0.0475 | Acc 98.40%
  [Epoch 065][Batch 0391/0391] Loss 0.0516 | Acc 98.23%
Epoch 065 | LR 0.00050 | Train Loss 0.0516 Acc 98.23% | Test Loss 0.3467 Acc 90.89% | Epoch Time 5.43s | Throughput 9215.4 samples/s
  [Epoch 066][Batch 0100/0391] Loss 0.0519 | Acc 98.34%
  [Epoch 066][Batch 0200/0391] Loss 0.0506 | Acc 98.30%
  [Epoch 066][Batch 0300/0391] Loss 0.0516 | Acc 98.24%
  [Epoch 066][Batch 0391/0391] Loss 0.0522 | Acc 98.19%
Epoch 066 | LR 0.00050 | Train Loss 0.0522 Acc 98.19% | Test Loss 0.3416 Acc 91.22% | Epoch Time 5.42s | Throughput 9220.7 samples/s
  [Epoch 067][Batch 0100/0391] Loss 0.0493 | Acc 98.34%
  [Epoch 067][Batch 0200/0391] Loss 0.0506 | Acc 98.27%
  [Epoch 067][Batch 0300/0391] Loss 0.0499 | Acc 98.29%
  [Epoch 067][Batch 0391/0391] Loss 0.0500 | Acc 98.26%
Epoch 067 | LR 0.00050 | Train Loss 0.0500 Acc 98.26% | Test Loss 0.3313 Acc 91.50% | Epoch Time 5.46s | Throughput 9152.2 samples/s
  [Epoch 068][Batch 0100/0391] Loss 0.0482 | Acc 98.34%
  [Epoch 068][Batch 0200/0391] Loss 0.0517 | Acc 98.23%
  [Epoch 068][Batch 0300/0391] Loss 0.0519 | Acc 98.26%
  [Epoch 068][Batch 0391/0391] Loss 0.0531 | Acc 98.17%
Epoch 068 | LR 0.00050 | Train Loss 0.0531 Acc 98.17% | Test Loss 0.3446 Acc 90.98% | Epoch Time 5.43s | Throughput 9212.3 samples/s
  [Epoch 069][Batch 0100/0391] Loss 0.0482 | Acc 98.24%
  [Epoch 069][Batch 0200/0391] Loss 0.0488 | Acc 98.28%
  [Epoch 069][Batch 0300/0391] Loss 0.0501 | Acc 98.24%
  [Epoch 069][Batch 0391/0391] Loss 0.0525 | Acc 98.17%
Epoch 069 | LR 0.00050 | Train Loss 0.0525 Acc 98.17% | Test Loss 0.3159 Acc 91.56% | Epoch Time 5.68s | Throughput 8804.6 samples/s
  [Epoch 070][Batch 0100/0391] Loss 0.0465 | Acc 98.39%
  [Epoch 070][Batch 0200/0391] Loss 0.0488 | Acc 98.28%
  [Epoch 070][Batch 0300/0391] Loss 0.0510 | Acc 98.21%
  [Epoch 070][Batch 0391/0391] Loss 0.0523 | Acc 98.18%
Epoch 070 | LR 0.00050 | Train Loss 0.0523 Acc 98.18% | Test Loss 0.3314 Acc 91.60% | Epoch Time 5.43s | Throughput 9203.2 samples/s
  [Epoch 071][Batch 0100/0391] Loss 0.0452 | Acc 98.55%
  [Epoch 071][Batch 0200/0391] Loss 0.0467 | Acc 98.45%
  [Epoch 071][Batch 0300/0391] Loss 0.0487 | Acc 98.36%
  [Epoch 071][Batch 0391/0391] Loss 0.0505 | Acc 98.30%
Epoch 071 | LR 0.00050 | Train Loss 0.0505 Acc 98.30% | Test Loss 0.3230 Acc 91.92% | Epoch Time 5.43s | Throughput 9216.3 samples/s
  [Epoch 072][Batch 0100/0391] Loss 0.0466 | Acc 98.43%
  [Epoch 072][Batch 0200/0391] Loss 0.0490 | Acc 98.29%
  [Epoch 072][Batch 0300/0391] Loss 0.0529 | Acc 98.13%
  [Epoch 072][Batch 0391/0391] Loss 0.0540 | Acc 98.10%
Epoch 072 | LR 0.00050 | Train Loss 0.0540 Acc 98.10% | Test Loss 0.3388 Acc 91.20% | Epoch Time 5.42s | Throughput 9221.0 samples/s
  [Epoch 073][Batch 0100/0391] Loss 0.0436 | Acc 98.51%
  [Epoch 073][Batch 0200/0391] Loss 0.0471 | Acc 98.36%
  [Epoch 073][Batch 0300/0391] Loss 0.0506 | Acc 98.24%
  [Epoch 073][Batch 0391/0391] Loss 0.0496 | Acc 98.29%
Epoch 073 | LR 0.00050 | Train Loss 0.0496 Acc 98.29% | Test Loss 0.3382 Acc 91.63% | Epoch Time 5.43s | Throughput 9199.9 samples/s
  [Epoch 074][Batch 0100/0391] Loss 0.0455 | Acc 98.39%
  [Epoch 074][Batch 0200/0391] Loss 0.0472 | Acc 98.36%
  [Epoch 074][Batch 0300/0391] Loss 0.0488 | Acc 98.30%
  [Epoch 074][Batch 0391/0391] Loss 0.0498 | Acc 98.29%
Epoch 074 | LR 0.00050 | Train Loss 0.0498 Acc 98.29% | Test Loss 0.3299 Acc 91.23% | Epoch Time 5.45s | Throughput 9179.9 samples/s
  [Epoch 075][Batch 0100/0391] Loss 0.0414 | Acc 98.59%
  [Epoch 075][Batch 0200/0391] Loss 0.0441 | Acc 98.49%
  [Epoch 075][Batch 0300/0391] Loss 0.0480 | Acc 98.35%
  [Epoch 075][Batch 0391/0391] Loss 0.0505 | Acc 98.24%
Epoch 075 | LR 0.00050 | Train Loss 0.0505 Acc 98.24% | Test Loss 0.3384 Acc 91.24% | Epoch Time 5.44s | Throughput 9197.3 samples/s
  [Epoch 076][Batch 0100/0391] Loss 0.0427 | Acc 98.53%
  [Epoch 076][Batch 0200/0391] Loss 0.0450 | Acc 98.38%
  [Epoch 076][Batch 0300/0391] Loss 0.0489 | Acc 98.29%
  [Epoch 076][Batch 0391/0391] Loss 0.0523 | Acc 98.20%
Epoch 076 | LR 0.00050 | Train Loss 0.0523 Acc 98.20% | Test Loss 0.3307 Acc 91.37% | Epoch Time 5.44s | Throughput 9198.3 samples/s
  [Epoch 077][Batch 0100/0391] Loss 0.0448 | Acc 98.50%
  [Epoch 077][Batch 0200/0391] Loss 0.0450 | Acc 98.48%
  [Epoch 077][Batch 0300/0391] Loss 0.0483 | Acc 98.34%
  [Epoch 077][Batch 0391/0391] Loss 0.0518 | Acc 98.19%
Epoch 077 | LR 0.00050 | Train Loss 0.0518 Acc 98.19% | Test Loss 0.3357 Acc 91.19% | Epoch Time 5.41s | Throughput 9234.9 samples/s
  [Epoch 078][Batch 0100/0391] Loss 0.0478 | Acc 98.38%
  [Epoch 078][Batch 0200/0391] Loss 0.0491 | Acc 98.24%
  [Epoch 078][Batch 0300/0391] Loss 0.0544 | Acc 98.08%
  [Epoch 078][Batch 0391/0391] Loss 0.0549 | Acc 98.04%
Epoch 078 | LR 0.00050 | Train Loss 0.0549 Acc 98.04% | Test Loss 0.3329 Acc 91.19% | Epoch Time 5.45s | Throughput 9182.6 samples/s
  [Epoch 079][Batch 0100/0391] Loss 0.0392 | Acc 98.67%
  [Epoch 079][Batch 0200/0391] Loss 0.0435 | Acc 98.56%
  [Epoch 079][Batch 0300/0391] Loss 0.0456 | Acc 98.46%
  [Epoch 079][Batch 0391/0391] Loss 0.0477 | Acc 98.37%
Epoch 079 | LR 0.00050 | Train Loss 0.0477 Acc 98.37% | Test Loss 0.3730 Acc 90.45% | Epoch Time 5.44s | Throughput 9190.1 samples/s
  [Epoch 080][Batch 0100/0391] Loss 0.0541 | Acc 98.25%
  [Epoch 080][Batch 0200/0391] Loss 0.0496 | Acc 98.37%
  [Epoch 080][Batch 0300/0391] Loss 0.0480 | Acc 98.39%
  [Epoch 080][Batch 0391/0391] Loss 0.0502 | Acc 98.30%
Epoch 080 | LR 0.00050 | Train Loss 0.0502 Acc 98.30% | Test Loss 0.3462 Acc 91.24% | Epoch Time 5.44s | Throughput 9197.8 samples/s
  [Epoch 081][Batch 0100/0391] Loss 0.0435 | Acc 98.48%
  [Epoch 081][Batch 0200/0391] Loss 0.0477 | Acc 98.30%
  [Epoch 081][Batch 0300/0391] Loss 0.0487 | Acc 98.29%
  [Epoch 081][Batch 0391/0391] Loss 0.0501 | Acc 98.28%
Epoch 081 | LR 0.00050 | Train Loss 0.0501 Acc 98.28% | Test Loss 0.3443 Acc 91.25% | Epoch Time 5.44s | Throughput 9188.4 samples/s
  [Epoch 082][Batch 0100/0391] Loss 0.0455 | Acc 98.30%
  [Epoch 082][Batch 0200/0391] Loss 0.0473 | Acc 98.28%
  [Epoch 082][Batch 0300/0391] Loss 0.0512 | Acc 98.16%
  [Epoch 082][Batch 0391/0391] Loss 0.0541 | Acc 98.09%
Epoch 082 | LR 0.00050 | Train Loss 0.0541 Acc 98.09% | Test Loss 0.3149 Acc 91.59% | Epoch Time 5.41s | Throughput 9234.1 samples/s
  [Epoch 083][Batch 0100/0391] Loss 0.0447 | Acc 98.55%
  [Epoch 083][Batch 0200/0391] Loss 0.0430 | Acc 98.58%
  [Epoch 083][Batch 0300/0391] Loss 0.0451 | Acc 98.47%
  [Epoch 083][Batch 0391/0391] Loss 0.0500 | Acc 98.30%
Epoch 083 | LR 0.00050 | Train Loss 0.0500 Acc 98.30% | Test Loss 0.3513 Acc 91.14% | Epoch Time 5.45s | Throughput 9176.2 samples/s
  [Epoch 084][Batch 0100/0391] Loss 0.0542 | Acc 98.09%
  [Epoch 084][Batch 0200/0391] Loss 0.0542 | Acc 98.19%
  [Epoch 084][Batch 0300/0391] Loss 0.0544 | Acc 98.18%
  [Epoch 084][Batch 0391/0391] Loss 0.0542 | Acc 98.17%
Epoch 084 | LR 0.00050 | Train Loss 0.0542 Acc 98.17% | Test Loss 0.3139 Acc 91.79% | Epoch Time 5.45s | Throughput 9177.7 samples/s
  [Epoch 085][Batch 0100/0391] Loss 0.0435 | Acc 98.45%
  [Epoch 085][Batch 0200/0391] Loss 0.0423 | Acc 98.53%
  [Epoch 085][Batch 0300/0391] Loss 0.0458 | Acc 98.41%
  [Epoch 085][Batch 0391/0391] Loss 0.0470 | Acc 98.35%
Epoch 085 | LR 0.00050 | Train Loss 0.0470 Acc 98.35% | Test Loss 0.3616 Acc 91.24% | Epoch Time 5.44s | Throughput 9190.8 samples/s
  [Epoch 086][Batch 0100/0391] Loss 0.0481 | Acc 98.30%
  [Epoch 086][Batch 0200/0391] Loss 0.0471 | Acc 98.40%
  [Epoch 086][Batch 0300/0391] Loss 0.0470 | Acc 98.41%
  [Epoch 086][Batch 0391/0391] Loss 0.0485 | Acc 98.36%
Epoch 086 | LR 0.00050 | Train Loss 0.0485 Acc 98.36% | Test Loss 0.3551 Acc 91.34% | Epoch Time 5.45s | Throughput 9178.7 samples/s
  [Epoch 087][Batch 0100/0391] Loss 0.0416 | Acc 98.58%
  [Epoch 087][Batch 0200/0391] Loss 0.0449 | Acc 98.48%
  [Epoch 087][Batch 0300/0391] Loss 0.0490 | Acc 98.32%
  [Epoch 087][Batch 0391/0391] Loss 0.0500 | Acc 98.28%
Epoch 087 | LR 0.00050 | Train Loss 0.0500 Acc 98.28% | Test Loss 0.3290 Acc 91.50% | Epoch Time 5.44s | Throughput 9199.0 samples/s
  [Epoch 088][Batch 0100/0391] Loss 0.0390 | Acc 98.62%
  [Epoch 088][Batch 0200/0391] Loss 0.0414 | Acc 98.59%
  [Epoch 088][Batch 0300/0391] Loss 0.0483 | Acc 98.31%
  [Epoch 088][Batch 0391/0391] Loss 0.0515 | Acc 98.18%
Epoch 088 | LR 0.00050 | Train Loss 0.0515 Acc 98.18% | Test Loss 0.3370 Acc 91.06% | Epoch Time 5.45s | Throughput 9168.1 samples/s
  [Epoch 089][Batch 0100/0391] Loss 0.0535 | Acc 98.19%
  [Epoch 089][Batch 0200/0391] Loss 0.0509 | Acc 98.30%
  [Epoch 089][Batch 0300/0391] Loss 0.0490 | Acc 98.39%
  [Epoch 089][Batch 0391/0391] Loss 0.0488 | Acc 98.37%
Epoch 089 | LR 0.00050 | Train Loss 0.0488 Acc 98.37% | Test Loss 0.3381 Acc 91.02% | Epoch Time 5.42s | Throughput 9232.8 samples/s
  [Epoch 090][Batch 0100/0391] Loss 0.0430 | Acc 98.66%
  [Epoch 090][Batch 0200/0391] Loss 0.0441 | Acc 98.51%
  [Epoch 090][Batch 0300/0391] Loss 0.0475 | Acc 98.41%
  [Epoch 090][Batch 0391/0391] Loss 0.0484 | Acc 98.36%
Epoch 090 | LR 0.00050 | Train Loss 0.0484 Acc 98.36% | Test Loss 0.3663 Acc 90.74% | Epoch Time 5.42s | Throughput 9233.1 samples/s
  [Epoch 091][Batch 0100/0391] Loss 0.0465 | Acc 98.41%
  [Epoch 091][Batch 0200/0391] Loss 0.0467 | Acc 98.39%
  [Epoch 091][Batch 0300/0391] Loss 0.0493 | Acc 98.30%
  [Epoch 091][Batch 0391/0391] Loss 0.0506 | Acc 98.23%
Epoch 091 | LR 0.00050 | Train Loss 0.0506 Acc 98.23% | Test Loss 0.3530 Acc 91.20% | Epoch Time 5.44s | Throughput 9198.9 samples/s
  [Epoch 092][Batch 0100/0391] Loss 0.0448 | Acc 98.46%
  [Epoch 092][Batch 0200/0391] Loss 0.0495 | Acc 98.34%
  [Epoch 092][Batch 0300/0391] Loss 0.0512 | Acc 98.25%
  [Epoch 092][Batch 0391/0391] Loss 0.0524 | Acc 98.19%
Epoch 092 | LR 0.00050 | Train Loss 0.0524 Acc 98.19% | Test Loss 0.3211 Acc 91.46% | Epoch Time 5.43s | Throughput 9203.2 samples/s
  [Epoch 093][Batch 0100/0391] Loss 0.0440 | Acc 98.51%
  [Epoch 093][Batch 0200/0391] Loss 0.0473 | Acc 98.41%
  [Epoch 093][Batch 0300/0391] Loss 0.0484 | Acc 98.34%
  [Epoch 093][Batch 0391/0391] Loss 0.0501 | Acc 98.29%
Epoch 093 | LR 0.00050 | Train Loss 0.0501 Acc 98.29% | Test Loss 0.3367 Acc 91.52% | Epoch Time 5.42s | Throughput 9226.4 samples/s
  [Epoch 094][Batch 0100/0391] Loss 0.0426 | Acc 98.62%
  [Epoch 094][Batch 0200/0391] Loss 0.0465 | Acc 98.41%
  [Epoch 094][Batch 0300/0391] Loss 0.0475 | Acc 98.36%
  [Epoch 094][Batch 0391/0391] Loss 0.0485 | Acc 98.35%
Epoch 094 | LR 0.00050 | Train Loss 0.0485 Acc 98.35% | Test Loss 0.3301 Acc 91.48% | Epoch Time 5.43s | Throughput 9204.6 samples/s
  [Epoch 095][Batch 0100/0391] Loss 0.0363 | Acc 98.74%
  [Epoch 095][Batch 0200/0391] Loss 0.0419 | Acc 98.60%
  [Epoch 095][Batch 0300/0391] Loss 0.0440 | Acc 98.50%
  [Epoch 095][Batch 0391/0391] Loss 0.0474 | Acc 98.37%
Epoch 095 | LR 0.00050 | Train Loss 0.0474 Acc 98.37% | Test Loss 0.3354 Acc 91.26% | Epoch Time 5.43s | Throughput 9213.7 samples/s
  [Epoch 096][Batch 0100/0391] Loss 0.0492 | Acc 98.33%
  [Epoch 096][Batch 0200/0391] Loss 0.0478 | Acc 98.38%
  [Epoch 096][Batch 0300/0391] Loss 0.0495 | Acc 98.30%
  [Epoch 096][Batch 0391/0391] Loss 0.0490 | Acc 98.31%
Epoch 096 | LR 0.00050 | Train Loss 0.0490 Acc 98.31% | Test Loss 0.3371 Acc 91.40% | Epoch Time 5.43s | Throughput 9204.1 samples/s
  [Epoch 097][Batch 0100/0391] Loss 0.0435 | Acc 98.51%
  [Epoch 097][Batch 0200/0391] Loss 0.0457 | Acc 98.44%
  [Epoch 097][Batch 0300/0391] Loss 0.0489 | Acc 98.28%
  [Epoch 097][Batch 0391/0391] Loss 0.0496 | Acc 98.27%
Epoch 097 | LR 0.00050 | Train Loss 0.0496 Acc 98.27% | Test Loss 0.3434 Acc 91.36% | Epoch Time 5.43s | Throughput 9215.7 samples/s
  [Epoch 098][Batch 0100/0391] Loss 0.0420 | Acc 98.54%
  [Epoch 098][Batch 0200/0391] Loss 0.0462 | Acc 98.40%
  [Epoch 098][Batch 0300/0391] Loss 0.0460 | Acc 98.40%
  [Epoch 098][Batch 0391/0391] Loss 0.0456 | Acc 98.43%
Epoch 098 | LR 0.00050 | Train Loss 0.0456 Acc 98.43% | Test Loss 0.3543 Acc 90.95% | Epoch Time 5.42s | Throughput 9220.7 samples/s
  [Epoch 099][Batch 0100/0391] Loss 0.0412 | Acc 98.60%
  [Epoch 099][Batch 0200/0391] Loss 0.0462 | Acc 98.45%
  [Epoch 099][Batch 0300/0391] Loss 0.0487 | Acc 98.36%
  [Epoch 099][Batch 0391/0391] Loss 0.0515 | Acc 98.25%
Epoch 099 | LR 0.00050 | Train Loss 0.0515 Acc 98.25% | Test Loss 0.3338 Acc 91.31% | Epoch Time 5.45s | Throughput 9179.8 samples/s
  [Epoch 100][Batch 0100/0391] Loss 0.0467 | Acc 98.50%
  [Epoch 100][Batch 0200/0391] Loss 0.0413 | Acc 98.64%
  [Epoch 100][Batch 0300/0391] Loss 0.0433 | Acc 98.56%
  [Epoch 100][Batch 0391/0391] Loss 0.0461 | Acc 98.44%
Epoch 100 | LR 0.00050 | Train Loss 0.0461 Acc 98.44% | Test Loss 0.3535 Acc 91.03% | Epoch Time 5.44s | Throughput 9186.4 samples/s
  [Epoch 101][Batch 0100/0391] Loss 0.0332 | Acc 98.98%
  [Epoch 101][Batch 0200/0391] Loss 0.0280 | Acc 99.12%
  [Epoch 101][Batch 0300/0391] Loss 0.0271 | Acc 99.15%
  [Epoch 101][Batch 0391/0391] Loss 0.0259 | Acc 99.17%
Epoch 101 | LR 0.00025 | Train Loss 0.0259 Acc 99.17% | Test Loss 0.3062 Acc 92.35% | Epoch Time 5.43s | Throughput 9211.0 samples/s
  >>> 保存最优模型，当前最佳测试准确率: 92.35%
  [Epoch 102][Batch 0100/0391] Loss 0.0174 | Acc 99.53%
  [Epoch 102][Batch 0200/0391] Loss 0.0179 | Acc 99.48%
  [Epoch 102][Batch 0300/0391] Loss 0.0181 | Acc 99.44%
  [Epoch 102][Batch 0391/0391] Loss 0.0183 | Acc 99.43%
Epoch 102 | LR 0.00025 | Train Loss 0.0183 Acc 99.43% | Test Loss 0.3003 Acc 92.61% | Epoch Time 5.42s | Throughput 9218.1 samples/s
  >>> 保存最优模型，当前最佳测试准确率: 92.61%
  [Epoch 103][Batch 0100/0391] Loss 0.0152 | Acc 99.53%
  [Epoch 103][Batch 0200/0391] Loss 0.0155 | Acc 99.56%
  [Epoch 103][Batch 0300/0391] Loss 0.0159 | Acc 99.51%
  [Epoch 103][Batch 0391/0391] Loss 0.0161 | Acc 99.50%
Epoch 103 | LR 0.00025 | Train Loss 0.0161 Acc 99.50% | Test Loss 0.3226 Acc 92.45% | Epoch Time 5.44s | Throughput 9189.2 samples/s
  [Epoch 104][Batch 0100/0391] Loss 0.0152 | Acc 99.50%
  [Epoch 104][Batch 0200/0391] Loss 0.0147 | Acc 99.54%
  [Epoch 104][Batch 0300/0391] Loss 0.0160 | Acc 99.49%
  [Epoch 104][Batch 0391/0391] Loss 0.0159 | Acc 99.48%
Epoch 104 | LR 0.00025 | Train Loss 0.0159 Acc 99.48% | Test Loss 0.3098 Acc 92.59% | Epoch Time 5.44s | Throughput 9190.1 samples/s
  [Epoch 105][Batch 0100/0391] Loss 0.0133 | Acc 99.57%
  [Epoch 105][Batch 0200/0391] Loss 0.0172 | Acc 99.46%
  [Epoch 105][Batch 0300/0391] Loss 0.0174 | Acc 99.46%
  [Epoch 105][Batch 0391/0391] Loss 0.0178 | Acc 99.44%
Epoch 105 | LR 0.00025 | Train Loss 0.0178 Acc 99.44% | Test Loss 0.3265 Acc 92.14% | Epoch Time 5.45s | Throughput 9181.0 samples/s
  [Epoch 106][Batch 0100/0391] Loss 0.0165 | Acc 99.46%
  [Epoch 106][Batch 0200/0391] Loss 0.0164 | Acc 99.49%
  [Epoch 106][Batch 0300/0391] Loss 0.0174 | Acc 99.45%
  [Epoch 106][Batch 0391/0391] Loss 0.0178 | Acc 99.43%
Epoch 106 | LR 0.00025 | Train Loss 0.0178 Acc 99.43% | Test Loss 0.3518 Acc 92.09% | Epoch Time 5.39s | Throughput 9272.6 samples/s
  [Epoch 107][Batch 0100/0391] Loss 0.0180 | Acc 99.41%
  [Epoch 107][Batch 0200/0391] Loss 0.0170 | Acc 99.43%
  [Epoch 107][Batch 0300/0391] Loss 0.0176 | Acc 99.42%
  [Epoch 107][Batch 0391/0391] Loss 0.0203 | Acc 99.33%
Epoch 107 | LR 0.00025 | Train Loss 0.0203 Acc 99.33% | Test Loss 0.3546 Acc 91.76% | Epoch Time 5.42s | Throughput 9218.9 samples/s
  [Epoch 108][Batch 0100/0391] Loss 0.0229 | Acc 99.28%
  [Epoch 108][Batch 0200/0391] Loss 0.0208 | Acc 99.29%
  [Epoch 108][Batch 0300/0391] Loss 0.0203 | Acc 99.33%
  [Epoch 108][Batch 0391/0391] Loss 0.0194 | Acc 99.34%
Epoch 108 | LR 0.00025 | Train Loss 0.0194 Acc 99.34% | Test Loss 0.3160 Acc 92.61% | Epoch Time 5.43s | Throughput 9205.3 samples/s
  [Epoch 109][Batch 0100/0391] Loss 0.0146 | Acc 99.56%
  [Epoch 109][Batch 0200/0391] Loss 0.0162 | Acc 99.52%
  [Epoch 109][Batch 0300/0391] Loss 0.0176 | Acc 99.45%
  [Epoch 109][Batch 0391/0391] Loss 0.0182 | Acc 99.44%
Epoch 109 | LR 0.00025 | Train Loss 0.0182 Acc 99.44% | Test Loss 0.3384 Acc 91.97% | Epoch Time 5.44s | Throughput 9197.7 samples/s
  [Epoch 110][Batch 0100/0391] Loss 0.0204 | Acc 99.30%
  [Epoch 110][Batch 0200/0391] Loss 0.0181 | Acc 99.38%
  [Epoch 110][Batch 0300/0391] Loss 0.0183 | Acc 99.37%
  [Epoch 110][Batch 0391/0391] Loss 0.0187 | Acc 99.36%
Epoch 110 | LR 0.00025 | Train Loss 0.0187 Acc 99.36% | Test Loss 0.3161 Acc 92.43% | Epoch Time 5.42s | Throughput 9230.3 samples/s
  [Epoch 111][Batch 0100/0391] Loss 0.0195 | Acc 99.34%
  [Epoch 111][Batch 0200/0391] Loss 0.0178 | Acc 99.33%
  [Epoch 111][Batch 0300/0391] Loss 0.0174 | Acc 99.36%
  [Epoch 111][Batch 0391/0391] Loss 0.0173 | Acc 99.39%
Epoch 111 | LR 0.00025 | Train Loss 0.0173 Acc 99.39% | Test Loss 0.3471 Acc 92.04% | Epoch Time 5.41s | Throughput 9248.3 samples/s
  [Epoch 112][Batch 0100/0391] Loss 0.0174 | Acc 99.46%
  [Epoch 112][Batch 0200/0391] Loss 0.0178 | Acc 99.43%
  [Epoch 112][Batch 0300/0391] Loss 0.0188 | Acc 99.38%
  [Epoch 112][Batch 0391/0391] Loss 0.0194 | Acc 99.34%
Epoch 112 | LR 0.00025 | Train Loss 0.0194 Acc 99.34% | Test Loss 0.3351 Acc 92.19% | Epoch Time 5.43s | Throughput 9207.7 samples/s
  [Epoch 113][Batch 0100/0391] Loss 0.0175 | Acc 99.42%
  [Epoch 113][Batch 0200/0391] Loss 0.0190 | Acc 99.34%
  [Epoch 113][Batch 0300/0391] Loss 0.0200 | Acc 99.34%
  [Epoch 113][Batch 0391/0391] Loss 0.0210 | Acc 99.29%
Epoch 113 | LR 0.00025 | Train Loss 0.0210 Acc 99.29% | Test Loss 0.3266 Acc 92.35% | Epoch Time 5.41s | Throughput 9238.3 samples/s
  [Epoch 114][Batch 0100/0391] Loss 0.0192 | Acc 99.39%
  [Epoch 114][Batch 0200/0391] Loss 0.0191 | Acc 99.37%
  [Epoch 114][Batch 0300/0391] Loss 0.0204 | Acc 99.34%
  [Epoch 114][Batch 0391/0391] Loss 0.0211 | Acc 99.31%
Epoch 114 | LR 0.00025 | Train Loss 0.0211 Acc 99.31% | Test Loss 0.3291 Acc 92.17% | Epoch Time 5.42s | Throughput 9220.3 samples/s
  [Epoch 115][Batch 0100/0391] Loss 0.0190 | Acc 99.38%
  [Epoch 115][Batch 0200/0391] Loss 0.0209 | Acc 99.29%
  [Epoch 115][Batch 0300/0391] Loss 0.0214 | Acc 99.23%
  [Epoch 115][Batch 0391/0391] Loss 0.0216 | Acc 99.23%
Epoch 115 | LR 0.00025 | Train Loss 0.0216 Acc 99.23% | Test Loss 0.3199 Acc 92.34% | Epoch Time 5.42s | Throughput 9230.2 samples/s
  [Epoch 116][Batch 0100/0391] Loss 0.0160 | Acc 99.52%
  [Epoch 116][Batch 0200/0391] Loss 0.0176 | Acc 99.44%
  [Epoch 116][Batch 0300/0391] Loss 0.0170 | Acc 99.47%
  [Epoch 116][Batch 0391/0391] Loss 0.0170 | Acc 99.46%
Epoch 116 | LR 0.00025 | Train Loss 0.0170 Acc 99.46% | Test Loss 0.3550 Acc 92.09% | Epoch Time 5.43s | Throughput 9203.9 samples/s
  [Epoch 117][Batch 0100/0391] Loss 0.0138 | Acc 99.57%
  [Epoch 117][Batch 0200/0391] Loss 0.0148 | Acc 99.54%
  [Epoch 117][Batch 0300/0391] Loss 0.0146 | Acc 99.53%
  [Epoch 117][Batch 0391/0391] Loss 0.0159 | Acc 99.50%
Epoch 117 | LR 0.00025 | Train Loss 0.0159 Acc 99.50% | Test Loss 0.3565 Acc 91.78% | Epoch Time 5.44s | Throughput 9199.0 samples/s
  [Epoch 118][Batch 0100/0391] Loss 0.0209 | Acc 99.30%
  [Epoch 118][Batch 0200/0391] Loss 0.0205 | Acc 99.35%
  [Epoch 118][Batch 0300/0391] Loss 0.0200 | Acc 99.35%
  [Epoch 118][Batch 0391/0391] Loss 0.0214 | Acc 99.28%
Epoch 118 | LR 0.00025 | Train Loss 0.0214 Acc 99.28% | Test Loss 0.3391 Acc 92.20% | Epoch Time 5.43s | Throughput 9208.5 samples/s
  [Epoch 119][Batch 0100/0391] Loss 0.0172 | Acc 99.43%
  [Epoch 119][Batch 0200/0391] Loss 0.0173 | Acc 99.38%
  [Epoch 119][Batch 0300/0391] Loss 0.0175 | Acc 99.38%
  [Epoch 119][Batch 0391/0391] Loss 0.0183 | Acc 99.35%
Epoch 119 | LR 0.00025 | Train Loss 0.0183 Acc 99.35% | Test Loss 0.3606 Acc 91.95% | Epoch Time 5.45s | Throughput 9170.0 samples/s
  [Epoch 120][Batch 0100/0391] Loss 0.0175 | Acc 99.45%
  [Epoch 120][Batch 0200/0391] Loss 0.0187 | Acc 99.38%
  [Epoch 120][Batch 0300/0391] Loss 0.0194 | Acc 99.36%
  [Epoch 120][Batch 0391/0391] Loss 0.0192 | Acc 99.38%
Epoch 120 | LR 0.00025 | Train Loss 0.0192 Acc 99.38% | Test Loss 0.3454 Acc 91.98% | Epoch Time 5.44s | Throughput 9198.8 samples/s
  [Epoch 121][Batch 0100/0391] Loss 0.0171 | Acc 99.47%
  [Epoch 121][Batch 0200/0391] Loss 0.0179 | Acc 99.42%
  [Epoch 121][Batch 0300/0391] Loss 0.0180 | Acc 99.43%
  [Epoch 121][Batch 0391/0391] Loss 0.0181 | Acc 99.41%
Epoch 121 | LR 0.00025 | Train Loss 0.0181 Acc 99.41% | Test Loss 0.3206 Acc 92.26% | Epoch Time 5.42s | Throughput 9230.1 samples/s
  [Epoch 122][Batch 0100/0391] Loss 0.0196 | Acc 99.42%
  [Epoch 122][Batch 0200/0391] Loss 0.0183 | Acc 99.38%
  [Epoch 122][Batch 0300/0391] Loss 0.0174 | Acc 99.41%
  [Epoch 122][Batch 0391/0391] Loss 0.0175 | Acc 99.43%
Epoch 122 | LR 0.00025 | Train Loss 0.0175 Acc 99.43% | Test Loss 0.3404 Acc 92.06% | Epoch Time 5.44s | Throughput 9191.8 samples/s
  [Epoch 123][Batch 0100/0391] Loss 0.0179 | Acc 99.45%
  [Epoch 123][Batch 0200/0391] Loss 0.0176 | Acc 99.48%
  [Epoch 123][Batch 0300/0391] Loss 0.0174 | Acc 99.47%
  [Epoch 123][Batch 0391/0391] Loss 0.0180 | Acc 99.44%
Epoch 123 | LR 0.00025 | Train Loss 0.0180 Acc 99.44% | Test Loss 0.3473 Acc 92.04% | Epoch Time 5.64s | Throughput 8869.5 samples/s
  [Epoch 124][Batch 0100/0391] Loss 0.0200 | Acc 99.39%
  [Epoch 124][Batch 0200/0391] Loss 0.0190 | Acc 99.45%
  [Epoch 124][Batch 0300/0391] Loss 0.0185 | Acc 99.46%
  [Epoch 124][Batch 0391/0391] Loss 0.0193 | Acc 99.42%
Epoch 124 | LR 0.00025 | Train Loss 0.0193 Acc 99.42% | Test Loss 0.3615 Acc 91.99% | Epoch Time 5.46s | Throughput 9164.7 samples/s
  [Epoch 125][Batch 0100/0391] Loss 0.0211 | Acc 99.30%
  [Epoch 125][Batch 0200/0391] Loss 0.0204 | Acc 99.32%
  [Epoch 125][Batch 0300/0391] Loss 0.0213 | Acc 99.30%
  [Epoch 125][Batch 0391/0391] Loss 0.0205 | Acc 99.32%
Epoch 125 | LR 0.00025 | Train Loss 0.0205 Acc 99.32% | Test Loss 0.3440 Acc 92.06% | Epoch Time 5.43s | Throughput 9203.6 samples/s
  [Epoch 126][Batch 0100/0391] Loss 0.0171 | Acc 99.44%
  [Epoch 126][Batch 0200/0391] Loss 0.0181 | Acc 99.37%
  [Epoch 126][Batch 0300/0391] Loss 0.0194 | Acc 99.34%
  [Epoch 126][Batch 0391/0391] Loss 0.0207 | Acc 99.30%
Epoch 126 | LR 0.00025 | Train Loss 0.0207 Acc 99.30% | Test Loss 0.3280 Acc 92.35% | Epoch Time 5.43s | Throughput 9205.4 samples/s
  [Epoch 127][Batch 0100/0391] Loss 0.0176 | Acc 99.42%
  [Epoch 127][Batch 0200/0391] Loss 0.0195 | Acc 99.41%
  [Epoch 127][Batch 0300/0391] Loss 0.0193 | Acc 99.39%
  [Epoch 127][Batch 0391/0391] Loss 0.0189 | Acc 99.40%
Epoch 127 | LR 0.00025 | Train Loss 0.0189 Acc 99.40% | Test Loss 0.3223 Acc 92.24% | Epoch Time 5.42s | Throughput 9221.2 samples/s
  [Epoch 128][Batch 0100/0391] Loss 0.0172 | Acc 99.47%
  [Epoch 128][Batch 0200/0391] Loss 0.0186 | Acc 99.40%
  [Epoch 128][Batch 0300/0391] Loss 0.0183 | Acc 99.42%
  [Epoch 128][Batch 0391/0391] Loss 0.0187 | Acc 99.39%
Epoch 128 | LR 0.00025 | Train Loss 0.0187 Acc 99.39% | Test Loss 0.3498 Acc 91.79% | Epoch Time 5.43s | Throughput 9213.6 samples/s
  [Epoch 129][Batch 0100/0391] Loss 0.0158 | Acc 99.40%
  [Epoch 129][Batch 0200/0391] Loss 0.0173 | Acc 99.36%
  [Epoch 129][Batch 0300/0391] Loss 0.0189 | Acc 99.32%
  [Epoch 129][Batch 0391/0391] Loss 0.0196 | Acc 99.32%
Epoch 129 | LR 0.00025 | Train Loss 0.0196 Acc 99.32% | Test Loss 0.3454 Acc 92.11% | Epoch Time 5.41s | Throughput 9244.7 samples/s
  [Epoch 130][Batch 0100/0391] Loss 0.0157 | Acc 99.48%
  [Epoch 130][Batch 0200/0391] Loss 0.0158 | Acc 99.50%
  [Epoch 130][Batch 0300/0391] Loss 0.0163 | Acc 99.48%
  [Epoch 130][Batch 0391/0391] Loss 0.0179 | Acc 99.42%
Epoch 130 | LR 0.00025 | Train Loss 0.0179 Acc 99.42% | Test Loss 0.3517 Acc 91.99% | Epoch Time 5.44s | Throughput 9194.1 samples/s
  [Epoch 131][Batch 0100/0391] Loss 0.0258 | Acc 99.24%
  [Epoch 131][Batch 0200/0391] Loss 0.0219 | Acc 99.36%
  [Epoch 131][Batch 0300/0391] Loss 0.0207 | Acc 99.37%
  [Epoch 131][Batch 0391/0391] Loss 0.0210 | Acc 99.34%
Epoch 131 | LR 0.00025 | Train Loss 0.0210 Acc 99.34% | Test Loss 0.3434 Acc 92.16% | Epoch Time 5.43s | Throughput 9204.9 samples/s
  [Epoch 132][Batch 0100/0391] Loss 0.0182 | Acc 99.38%
  [Epoch 132][Batch 0200/0391] Loss 0.0166 | Acc 99.48%
  [Epoch 132][Batch 0300/0391] Loss 0.0178 | Acc 99.43%
  [Epoch 132][Batch 0391/0391] Loss 0.0195 | Acc 99.36%
Epoch 132 | LR 0.00025 | Train Loss 0.0195 Acc 99.36% | Test Loss 0.3648 Acc 91.97% | Epoch Time 5.42s | Throughput 9219.7 samples/s
  [Epoch 133][Batch 0100/0391] Loss 0.0208 | Acc 99.35%
  [Epoch 133][Batch 0200/0391] Loss 0.0201 | Acc 99.32%
  [Epoch 133][Batch 0300/0391] Loss 0.0203 | Acc 99.32%
  [Epoch 133][Batch 0391/0391] Loss 0.0200 | Acc 99.31%
Epoch 133 | LR 0.00025 | Train Loss 0.0200 Acc 99.31% | Test Loss 0.3546 Acc 92.15% | Epoch Time 5.41s | Throughput 9248.4 samples/s
  [Epoch 134][Batch 0100/0391] Loss 0.0104 | Acc 99.70%
  [Epoch 134][Batch 0200/0391] Loss 0.0140 | Acc 99.55%
  [Epoch 134][Batch 0300/0391] Loss 0.0147 | Acc 99.53%
  [Epoch 134][Batch 0391/0391] Loss 0.0160 | Acc 99.49%
Epoch 134 | LR 0.00025 | Train Loss 0.0160 Acc 99.49% | Test Loss 0.3689 Acc 91.81% | Epoch Time 5.45s | Throughput 9169.2 samples/s
  [Epoch 135][Batch 0100/0391] Loss 0.0274 | Acc 99.09%
  [Epoch 135][Batch 0200/0391] Loss 0.0249 | Acc 99.20%
  [Epoch 135][Batch 0300/0391] Loss 0.0237 | Acc 99.24%
  [Epoch 135][Batch 0391/0391] Loss 0.0242 | Acc 99.22%
Epoch 135 | LR 0.00025 | Train Loss 0.0242 Acc 99.22% | Test Loss 0.3483 Acc 91.98% | Epoch Time 5.42s | Throughput 9218.0 samples/s
